{"/Users/frrrolova/Projects/REACT-2024-Q3/src/App.tsx": {"path":"/Users/frrrolova/Projects/REACT-2024-Q3/src/App.tsx","all":true,"statementMap":{"0":{"start":{"line":1,"column":0},"end":{"line":1,"column":69}},"1":{"start":{"line":2,"column":0},"end":{"line":2,"column":50}},"2":{"start":{"line":3,"column":0},"end":{"line":3,"column":42}},"4":{"start":{"line":5,"column":0},"end":{"line":5,"column":16}},"5":{"start":{"line":6,"column":0},"end":{"line":6,"column":10}},"6":{"start":{"line":7,"column":0},"end":{"line":7,"column":19}},"7":{"start":{"line":8,"column":0},"end":{"line":8,"column":40}},"8":{"start":{"line":9,"column":0},"end":{"line":9,"column":20}},"10":{"start":{"line":11,"column":0},"end":{"line":11,"column":1}},"12":{"start":{"line":13,"column":0},"end":{"line":13,"column":19}}},"s":{"0":0,"1":0,"2":0,"4":0,"5":0,"6":0,"7":0,"8":0,"10":0,"12":0},"branchMap":{"0":{"type":"branch","line":1,"loc":{"start":{"line":1,"column":302},"end":{"line":13,"column":19}},"locations":[{"start":{"line":1,"column":302},"end":{"line":13,"column":19}}]}},"b":{"0":[0]},"fnMap":{"0":{"name":"(empty-report)","decl":{"start":{"line":1,"column":302},"end":{"line":13,"column":19}},"loc":{"start":{"line":1,"column":302},"end":{"line":13,"column":19}},"line":1}},"f":{"0":0}}
,"/Users/frrrolova/Projects/REACT-2024-Q3/src/constants.ts": {"path":"/Users/frrrolova/Projects/REACT-2024-Q3/src/constants.ts","all":false,"statementMap":{"0":{"start":{"line":1,"column":0},"end":{"line":1,"column":57}},"2":{"start":{"line":3,"column":0},"end":{"line":3,"column":31}},"4":{"start":{"line":5,"column":0},"end":{"line":5,"column":23}},"5":{"start":{"line":6,"column":0},"end":{"line":6,"column":28}},"6":{"start":{"line":7,"column":0},"end":{"line":7,"column":2}}},"s":{"0":1,"2":1,"4":1,"5":1,"6":1},"branchMap":{},"b":{},"fnMap":{},"f":{}}
,"/Users/frrrolova/Projects/REACT-2024-Q3/src/main.tsx": {"path":"/Users/frrrolova/Projects/REACT-2024-Q3/src/main.tsx","all":true,"statementMap":{"0":{"start":{"line":1,"column":0},"end":{"line":1,"column":26}},"1":{"start":{"line":2,"column":0},"end":{"line":2,"column":40}},"2":{"start":{"line":3,"column":0},"end":{"line":3,"column":28}},"3":{"start":{"line":4,"column":0},"end":{"line":4,"column":30}},"5":{"start":{"line":6,"column":0},"end":{"line":6,"column":61}},"6":{"start":{"line":7,"column":0},"end":{"line":7,"column":20}},"7":{"start":{"line":8,"column":0},"end":{"line":8,"column":11}},"8":{"start":{"line":9,"column":0},"end":{"line":9,"column":22}},"9":{"start":{"line":10,"column":0},"end":{"line":10,"column":2}}},"s":{"0":0,"1":0,"2":0,"3":0,"5":0,"6":0,"7":0,"8":0,"9":0},"branchMap":{"0":{"type":"branch","line":1,"loc":{"start":{"line":1,"column":249},"end":{"line":10,"column":2}},"locations":[{"start":{"line":1,"column":249},"end":{"line":10,"column":2}}]}},"b":{"0":[0]},"fnMap":{"0":{"name":"(empty-report)","decl":{"start":{"line":1,"column":249},"end":{"line":10,"column":2}},"loc":{"start":{"line":1,"column":249},"end":{"line":10,"column":2}},"line":1}},"f":{"0":0}}
,"/Users/frrrolova/Projects/REACT-2024-Q3/src/components/Card/Card.tsx": {"path":"/Users/frrrolova/Projects/REACT-2024-Q3/src/components/Card/Card.tsx","all":false,"statementMap":{"0":{"start":{"line":1,"column":0},"end":{"line":1,"column":40}},"8":{"start":{"line":9,"column":0},"end":{"line":9,"column":51}},"9":{"start":{"line":10,"column":0},"end":{"line":10,"column":33}},"10":{"start":{"line":11,"column":0},"end":{"line":11,"column":10}},"11":{"start":{"line":12,"column":0},"end":{"line":12,"column":7}},"12":{"start":{"line":13,"column":0},"end":{"line":13,"column":29}},"13":{"start":{"line":14,"column":0},"end":{"line":14,"column":22}},"14":{"start":{"line":15,"column":0},"end":{"line":15,"column":31}},"15":{"start":{"line":16,"column":0},"end":{"line":16,"column":8}},"16":{"start":{"line":17,"column":0},"end":{"line":17,"column":24}},"17":{"start":{"line":18,"column":0},"end":{"line":18,"column":45}},"19":{"start":{"line":20,"column":0},"end":{"line":20,"column":34}},"20":{"start":{"line":21,"column":0},"end":{"line":21,"column":38}},"21":{"start":{"line":22,"column":0},"end":{"line":22,"column":12}},"22":{"start":{"line":23,"column":0},"end":{"line":23,"column":42}},"23":{"start":{"line":24,"column":0},"end":{"line":24,"column":62}},"24":{"start":{"line":25,"column":0},"end":{"line":25,"column":16}},"25":{"start":{"line":26,"column":0},"end":{"line":26,"column":13}},"26":{"start":{"line":27,"column":0},"end":{"line":27,"column":12}},"27":{"start":{"line":28,"column":0},"end":{"line":28,"column":9}},"29":{"start":{"line":30,"column":0},"end":{"line":30,"column":1}},"31":{"start":{"line":32,"column":0},"end":{"line":32,"column":20}}},"s":{"0":1,"8":1205,"9":1205,"10":1205,"11":1205,"12":1205,"13":1205,"14":4,"15":4,"16":1205,"17":1205,"19":1205,"20":1205,"21":1205,"22":1205,"23":1205,"24":1205,"25":1205,"26":1205,"27":1205,"29":1205,"31":1},"branchMap":{"0":{"type":"branch","line":9,"loc":{"start":{"line":9,"column":0},"end":{"line":30,"column":1}},"locations":[{"start":{"line":9,"column":0},"end":{"line":30,"column":1}}]},"1":{"type":"branch","line":14,"loc":{"start":{"line":14,"column":15},"end":{"line":16,"column":8}},"locations":[{"start":{"line":14,"column":15},"end":{"line":16,"column":8}}]}},"b":{"0":[1205],"1":[4]},"fnMap":{"0":{"name":"Card","decl":{"start":{"line":9,"column":0},"end":{"line":30,"column":1}},"loc":{"start":{"line":9,"column":0},"end":{"line":30,"column":1}},"line":9},"1":{"name":"onClick","decl":{"start":{"line":14,"column":15},"end":{"line":16,"column":8}},"loc":{"start":{"line":14,"column":15},"end":{"line":16,"column":8}},"line":14}},"f":{"0":1205,"1":4}}
,"/Users/frrrolova/Projects/REACT-2024-Q3/src/components/Content/Content.tsx": {"path":"/Users/frrrolova/Projects/REACT-2024-Q3/src/components/Content/Content.tsx","all":false,"statementMap":{"0":{"start":{"line":1,"column":0},"end":{"line":1,"column":36}},"1":{"start":{"line":2,"column":0},"end":{"line":2,"column":32}},"2":{"start":{"line":3,"column":0},"end":{"line":3,"column":43}},"3":{"start":{"line":4,"column":0},"end":{"line":4,"column":43}},"4":{"start":{"line":5,"column":0},"end":{"line":5,"column":38}},"5":{"start":{"line":6,"column":0},"end":{"line":6,"column":51}},"6":{"start":{"line":7,"column":0},"end":{"line":7,"column":57}},"7":{"start":{"line":8,"column":0},"end":{"line":8,"column":53}},"17":{"start":{"line":18,"column":0},"end":{"line":18,"column":107}},"18":{"start":{"line":19,"column":0},"end":{"line":19,"column":43}},"20":{"start":{"line":21,"column":0},"end":{"line":21,"column":10}},"21":{"start":{"line":22,"column":0},"end":{"line":22,"column":104}},"22":{"start":{"line":23,"column":0},"end":{"line":23,"column":27}},"23":{"start":{"line":24,"column":0},"end":{"line":24,"column":37}},"24":{"start":{"line":25,"column":0},"end":{"line":25,"column":101}},"25":{"start":{"line":26,"column":0},"end":{"line":26,"column":13}},"28":{"start":{"line":29,"column":0},"end":{"line":29,"column":21}},"29":{"start":{"line":30,"column":0},"end":{"line":30,"column":46}},"30":{"start":{"line":31,"column":0},"end":{"line":31,"column":69}},"31":{"start":{"line":32,"column":0},"end":{"line":32,"column":14}},"34":{"start":{"line":35,"column":0},"end":{"line":35,"column":59}},"35":{"start":{"line":36,"column":0},"end":{"line":36,"column":92}},"36":{"start":{"line":37,"column":0},"end":{"line":37,"column":45}},"37":{"start":{"line":38,"column":0},"end":{"line":38,"column":28}},"38":{"start":{"line":39,"column":0},"end":{"line":39,"column":92}},"39":{"start":{"line":40,"column":0},"end":{"line":40,"column":11}},"40":{"start":{"line":41,"column":0},"end":{"line":41,"column":11}},"41":{"start":{"line":42,"column":0},"end":{"line":42,"column":11}},"43":{"start":{"line":44,"column":0},"end":{"line":44,"column":16}},"44":{"start":{"line":45,"column":0},"end":{"line":45,"column":10}},"46":{"start":{"line":47,"column":0},"end":{"line":47,"column":1}},"48":{"start":{"line":49,"column":0},"end":{"line":49,"column":23}}},"s":{"0":1,"1":1,"2":1,"3":1,"4":1,"5":1,"6":1,"7":1,"17":22,"18":22,"20":22,"21":22,"22":22,"23":13,"24":13,"25":13,"28":22,"29":10,"30":10,"31":10,"34":22,"35":22,"36":22,"37":1203,"38":1203,"39":1203,"40":22,"41":22,"43":22,"44":22,"46":22,"48":1},"branchMap":{"0":{"type":"branch","line":18,"loc":{"start":{"line":18,"column":0},"end":{"line":47,"column":1}},"locations":[{"start":{"line":18,"column":0},"end":{"line":47,"column":1}}]},"1":{"type":"branch","line":22,"loc":{"start":{"line":22,"column":80},"end":{"line":22,"column":98}},"locations":[{"start":{"line":22,"column":80},"end":{"line":22,"column":98}}]},"2":{"type":"branch","line":22,"loc":{"start":{"line":22,"column":91},"end":{"line":22,"column":100}},"locations":[{"start":{"line":22,"column":91},"end":{"line":22,"column":100}}]},"3":{"type":"branch","line":23,"loc":{"start":{"line":23,"column":16},"end":{"line":26,"column":13}},"locations":[{"start":{"line":23,"column":16},"end":{"line":26,"column":13}}]},"4":{"type":"branch","line":29,"loc":{"start":{"line":29,"column":7},"end":{"line":32,"column":14}},"locations":[{"start":{"line":29,"column":7},"end":{"line":32,"column":14}}]},"5":{"type":"branch","line":36,"loc":{"start":{"line":36,"column":9},"end":{"line":36,"column":92}},"locations":[{"start":{"line":36,"column":9},"end":{"line":36,"column":92}}]},"6":{"type":"branch","line":37,"loc":{"start":{"line":37,"column":21},"end":{"line":41,"column":9}},"locations":[{"start":{"line":37,"column":21},"end":{"line":41,"column":9}}]}},"b":{"0":[22],"1":[5],"2":[17],"3":[13],"4":[10],"5":[6],"6":[1203]},"fnMap":{"0":{"name":"Content","decl":{"start":{"line":18,"column":0},"end":{"line":47,"column":1}},"loc":{"start":{"line":18,"column":0},"end":{"line":47,"column":1}},"line":18}},"f":{"0":22}}
,"/Users/frrrolova/Projects/REACT-2024-Q3/src/components/Content/constants.ts": {"path":"/Users/frrrolova/Projects/REACT-2024-Q3/src/components/Content/constants.ts","all":false,"statementMap":{"0":{"start":{"line":1,"column":0},"end":{"line":1,"column":39}},"1":{"start":{"line":2,"column":0},"end":{"line":2,"column":19}},"2":{"start":{"line":3,"column":0},"end":{"line":3,"column":34}},"3":{"start":{"line":4,"column":0},"end":{"line":4,"column":2}}},"s":{"0":1,"1":1,"2":1,"3":1},"branchMap":{},"b":{},"fnMap":{},"f":{}}
,"/Users/frrrolova/Projects/REACT-2024-Q3/src/components/Details/Details.tsx": {"path":"/Users/frrrolova/Projects/REACT-2024-Q3/src/components/Details/Details.tsx","all":false,"statementMap":{"0":{"start":{"line":1,"column":0},"end":{"line":1,"column":67}},"1":{"start":{"line":2,"column":0},"end":{"line":2,"column":43}},"2":{"start":{"line":3,"column":0},"end":{"line":3,"column":51}},"3":{"start":{"line":4,"column":0},"end":{"line":4,"column":52}},"5":{"start":{"line":6,"column":0},"end":{"line":6,"column":46}},"6":{"start":{"line":7,"column":0},"end":{"line":7,"column":57}},"7":{"start":{"line":8,"column":0},"end":{"line":8,"column":42}},"8":{"start":{"line":9,"column":0},"end":{"line":9,"column":53}},"10":{"start":{"line":11,"column":0},"end":{"line":11,"column":20}},"11":{"start":{"line":12,"column":0},"end":{"line":12,"column":60}},"12":{"start":{"line":13,"column":0},"end":{"line":13,"column":63}},"13":{"start":{"line":14,"column":0},"end":{"line":14,"column":52}},"14":{"start":{"line":15,"column":0},"end":{"line":15,"column":54}},"16":{"start":{"line":17,"column":0},"end":{"line":17,"column":50}},"18":{"start":{"line":19,"column":0},"end":{"line":19,"column":19}},"19":{"start":{"line":20,"column":0},"end":{"line":20,"column":23}},"20":{"start":{"line":21,"column":0},"end":{"line":21,"column":26}},"21":{"start":{"line":22,"column":0},"end":{"line":22,"column":24}},"22":{"start":{"line":23,"column":0},"end":{"line":23,"column":24}},"23":{"start":{"line":24,"column":0},"end":{"line":24,"column":8}},"24":{"start":{"line":25,"column":0},"end":{"line":25,"column":20}},"25":{"start":{"line":26,"column":0},"end":{"line":26,"column":28}},"26":{"start":{"line":27,"column":0},"end":{"line":27,"column":8}},"27":{"start":{"line":28,"column":0},"end":{"line":28,"column":22}},"28":{"start":{"line":29,"column":0},"end":{"line":29,"column":28}},"29":{"start":{"line":30,"column":0},"end":{"line":30,"column":9}},"30":{"start":{"line":31,"column":0},"end":{"line":31,"column":9}},"32":{"start":{"line":33,"column":0},"end":{"line":33,"column":53}},"33":{"start":{"line":34,"column":0},"end":{"line":34,"column":83}},"34":{"start":{"line":35,"column":0},"end":{"line":35,"column":84}},"35":{"start":{"line":36,"column":0},"end":{"line":36,"column":5}},"36":{"start":{"line":37,"column":0},"end":{"line":37,"column":4}},"38":{"start":{"line":39,"column":0},"end":{"line":39,"column":19}},"39":{"start":{"line":40,"column":0},"end":{"line":40,"column":65}},"40":{"start":{"line":41,"column":0},"end":{"line":41,"column":18}},"41":{"start":{"line":42,"column":0},"end":{"line":42,"column":70}},"42":{"start":{"line":43,"column":0},"end":{"line":43,"column":6}},"43":{"start":{"line":44,"column":0},"end":{"line":44,"column":9}},"45":{"start":{"line":46,"column":0},"end":{"line":46,"column":65}},"46":{"start":{"line":47,"column":0},"end":{"line":47,"column":54}},"48":{"start":{"line":49,"column":0},"end":{"line":49,"column":13}},"49":{"start":{"line":50,"column":0},"end":{"line":50,"column":37}},"50":{"start":{"line":51,"column":0},"end":{"line":51,"column":5}},"52":{"start":{"line":53,"column":0},"end":{"line":53,"column":16}},"53":{"start":{"line":54,"column":0},"end":{"line":54,"column":4}},"55":{"start":{"line":56,"column":0},"end":{"line":56,"column":10}},"56":{"start":{"line":57,"column":0},"end":{"line":57,"column":75}},"57":{"start":{"line":58,"column":0},"end":{"line":58,"column":13}},"58":{"start":{"line":59,"column":0},"end":{"line":59,"column":35}},"59":{"start":{"line":60,"column":0},"end":{"line":60,"column":24}},"60":{"start":{"line":61,"column":0},"end":{"line":61,"column":88}},"61":{"start":{"line":62,"column":0},"end":{"line":62,"column":10}},"62":{"start":{"line":63,"column":0},"end":{"line":63,"column":35}},"64":{"start":{"line":65,"column":0},"end":{"line":65,"column":12}},"65":{"start":{"line":66,"column":0},"end":{"line":66,"column":23}},"66":{"start":{"line":67,"column":0},"end":{"line":67,"column":22}},"67":{"start":{"line":68,"column":0},"end":{"line":68,"column":44}},"68":{"start":{"line":69,"column":0},"end":{"line":69,"column":31}},"69":{"start":{"line":70,"column":0},"end":{"line":70,"column":34}},"71":{"start":{"line":72,"column":0},"end":{"line":72,"column":187}},"72":{"start":{"line":73,"column":0},"end":{"line":73,"column":14}},"73":{"start":{"line":74,"column":0},"end":{"line":74,"column":15}},"75":{"start":{"line":76,"column":0},"end":{"line":76,"column":21}},"76":{"start":{"line":77,"column":0},"end":{"line":77,"column":75}},"77":{"start":{"line":78,"column":0},"end":{"line":78,"column":69}},"78":{"start":{"line":79,"column":0},"end":{"line":79,"column":14}},"81":{"start":{"line":82,"column":0},"end":{"line":82,"column":22}},"82":{"start":{"line":83,"column":0},"end":{"line":83,"column":46}},"83":{"start":{"line":84,"column":0},"end":{"line":84,"column":60}},"84":{"start":{"line":85,"column":0},"end":{"line":85,"column":14}},"87":{"start":{"line":88,"column":0},"end":{"line":88,"column":18}},"88":{"start":{"line":89,"column":0},"end":{"line":89,"column":13}},"89":{"start":{"line":90,"column":0},"end":{"line":90,"column":38}},"90":{"start":{"line":91,"column":0},"end":{"line":91,"column":56}},"91":{"start":{"line":92,"column":0},"end":{"line":92,"column":16}},"92":{"start":{"line":93,"column":0},"end":{"line":93,"column":42}},"93":{"start":{"line":94,"column":0},"end":{"line":94,"column":69}},"94":{"start":{"line":95,"column":0},"end":{"line":95,"column":27}},"95":{"start":{"line":96,"column":0},"end":{"line":96,"column":17}},"96":{"start":{"line":97,"column":0},"end":{"line":97,"column":39}},"97":{"start":{"line":98,"column":0},"end":{"line":98,"column":68}},"98":{"start":{"line":99,"column":0},"end":{"line":99,"column":73}},"99":{"start":{"line":100,"column":0},"end":{"line":100,"column":16}},"100":{"start":{"line":101,"column":0},"end":{"line":101,"column":39}},"101":{"start":{"line":102,"column":0},"end":{"line":102,"column":67}},"102":{"start":{"line":103,"column":0},"end":{"line":103,"column":71}},"103":{"start":{"line":104,"column":0},"end":{"line":104,"column":16}},"104":{"start":{"line":105,"column":0},"end":{"line":105,"column":38}},"105":{"start":{"line":106,"column":0},"end":{"line":106,"column":41}},"106":{"start":{"line":107,"column":0},"end":{"line":107,"column":67}},"107":{"start":{"line":108,"column":0},"end":{"line":108,"column":69}},"108":{"start":{"line":109,"column":0},"end":{"line":109,"column":18}},"110":{"start":{"line":111,"column":0},"end":{"line":111,"column":47}},"111":{"start":{"line":112,"column":0},"end":{"line":112,"column":41}},"112":{"start":{"line":113,"column":0},"end":{"line":113,"column":71}},"113":{"start":{"line":114,"column":0},"end":{"line":114,"column":82}},"114":{"start":{"line":115,"column":0},"end":{"line":115,"column":18}},"116":{"start":{"line":117,"column":0},"end":{"line":117,"column":39}},"117":{"start":{"line":118,"column":0},"end":{"line":118,"column":67}},"118":{"start":{"line":119,"column":0},"end":{"line":119,"column":71}},"119":{"start":{"line":120,"column":0},"end":{"line":120,"column":16}},"120":{"start":{"line":121,"column":0},"end":{"line":121,"column":16}},"121":{"start":{"line":122,"column":0},"end":{"line":122,"column":14}},"123":{"start":{"line":124,"column":0},"end":{"line":124,"column":10}},"125":{"start":{"line":126,"column":0},"end":{"line":126,"column":1}},"127":{"start":{"line":128,"column":0},"end":{"line":128,"column":23}}},"s":{"0":1,"1":1,"2":1,"3":1,"5":1,"6":1,"7":1,"8":1,"10":22,"11":22,"12":22,"13":22,"14":22,"16":22,"18":22,"19":6,"20":6,"21":6,"22":6,"23":6,"24":6,"25":0,"26":6,"27":6,"28":6,"29":6,"30":22,"32":22,"33":2,"34":0,"35":0,"36":2,"38":22,"39":6,"40":6,"41":6,"42":6,"43":22,"45":22,"46":6,"48":6,"49":6,"50":6,"52":0,"53":6,"55":22,"56":22,"57":22,"58":22,"59":22,"60":2,"61":2,"62":22,"64":22,"65":22,"66":22,"67":22,"68":22,"69":22,"71":22,"72":22,"73":22,"75":22,"76":10,"77":10,"78":10,"81":22,"82":0,"83":0,"84":0,"87":22,"88":10,"89":10,"90":10,"91":10,"92":10,"93":10,"94":10,"95":10,"96":10,"97":10,"98":10,"99":10,"100":10,"101":10,"102":10,"103":10,"104":10,"105":10,"106":10,"107":10,"108":10,"110":10,"111":10,"112":10,"113":10,"114":10,"116":10,"117":10,"118":10,"119":10,"120":10,"121":10,"123":22,"125":22,"127":1},"branchMap":{"0":{"type":"branch","line":11,"loc":{"start":{"line":11,"column":0},"end":{"line":126,"column":1}},"locations":[{"start":{"line":11,"column":0},"end":{"line":126,"column":1}}]},"1":{"type":"branch","line":76,"loc":{"start":{"line":76,"column":7},"end":{"line":79,"column":14}},"locations":[{"start":{"line":76,"column":7},"end":{"line":79,"column":14}}]},"2":{"type":"branch","line":82,"loc":{"start":{"line":82,"column":7},"end":{"line":85,"column":14}},"locations":[{"start":{"line":82,"column":7},"end":{"line":85,"column":14}}]},"3":{"type":"branch","line":88,"loc":{"start":{"line":88,"column":7},"end":{"line":122,"column":14}},"locations":[{"start":{"line":88,"column":7},"end":{"line":122,"column":14}}]},"4":{"type":"branch","line":19,"loc":{"start":{"line":19,"column":12},"end":{"line":31,"column":5}},"locations":[{"start":{"line":19,"column":12},"end":{"line":31,"column":5}}]},"5":{"type":"branch","line":22,"loc":{"start":{"line":22,"column":13},"end":{"line":24,"column":7}},"locations":[{"start":{"line":22,"column":13},"end":{"line":24,"column":7}}]},"6":{"type":"branch","line":28,"loc":{"start":{"line":28,"column":15},"end":{"line":30,"column":7}},"locations":[{"start":{"line":28,"column":15},"end":{"line":30,"column":7}}]},"7":{"type":"branch","line":33,"loc":{"start":{"line":33,"column":29},"end":{"line":37,"column":4}},"locations":[{"start":{"line":33,"column":29},"end":{"line":37,"column":4}}]},"8":{"type":"branch","line":34,"loc":{"start":{"line":34,"column":82},"end":{"line":36,"column":5}},"locations":[{"start":{"line":34,"column":82},"end":{"line":36,"column":5}}]},"9":{"type":"branch","line":39,"loc":{"start":{"line":39,"column":12},"end":{"line":44,"column":5}},"locations":[{"start":{"line":39,"column":12},"end":{"line":44,"column":5}}]},"10":{"type":"branch","line":41,"loc":{"start":{"line":41,"column":11},"end":{"line":43,"column":6}},"locations":[{"start":{"line":41,"column":11},"end":{"line":43,"column":6}}]},"11":{"type":"branch","line":46,"loc":{"start":{"line":46,"column":31},"end":{"line":54,"column":4}},"locations":[{"start":{"line":46,"column":31},"end":{"line":54,"column":4}}]},"12":{"type":"branch","line":51,"loc":{"start":{"line":51,"column":4},"end":{"line":53,"column":16}},"locations":[{"start":{"line":51,"column":4},"end":{"line":53,"column":16}}]},"13":{"type":"branch","line":60,"loc":{"start":{"line":60,"column":17},"end":{"line":62,"column":10}},"locations":[{"start":{"line":60,"column":17},"end":{"line":62,"column":10}}]},"14":{"type":"branch","line":61,"loc":{"start":{"line":61,"column":68},"end":{"line":61,"column":85}},"locations":[{"start":{"line":61,"column":68},"end":{"line":61,"column":85}}]}},"b":{"0":[22],"1":[10],"2":[0],"3":[10],"4":[6],"5":[6],"6":[6],"7":[2],"8":[0],"9":[6],"10":[6],"11":[6],"12":[0],"13":[2],"14":[1]},"fnMap":{"0":{"name":"Details","decl":{"start":{"line":11,"column":0},"end":{"line":126,"column":1}},"loc":{"start":{"line":11,"column":0},"end":{"line":126,"column":1}},"line":11},"1":{"name":"handleClickOutside","decl":{"start":{"line":33,"column":29},"end":{"line":37,"column":4}},"loc":{"start":{"line":33,"column":29},"end":{"line":37,"column":4}},"line":33},"2":{"name":"fetchSingleCharacter","decl":{"start":{"line":46,"column":31},"end":{"line":54,"column":4}},"loc":{"start":{"line":46,"column":31},"end":{"line":54,"column":4}},"line":46},"3":{"name":"onClick","decl":{"start":{"line":60,"column":17},"end":{"line":62,"column":10}},"loc":{"start":{"line":60,"column":17},"end":{"line":62,"column":10}},"line":60}},"f":{"0":22,"1":2,"2":6,"3":2}}
,"/Users/frrrolova/Projects/REACT-2024-Q3/src/components/Details/constants.ts": {"path":"/Users/frrrolova/Projects/REACT-2024-Q3/src/components/Details/constants.ts","all":false,"statementMap":{"0":{"start":{"line":1,"column":0},"end":{"line":1,"column":39}},"1":{"start":{"line":2,"column":0},"end":{"line":2,"column":37}},"2":{"start":{"line":3,"column":0},"end":{"line":3,"column":2}}},"s":{"0":1,"1":1,"2":1},"branchMap":{},"b":{},"fnMap":{},"f":{}}
,"/Users/frrrolova/Projects/REACT-2024-Q3/src/components/ErrorBoundary/ErrorBoundary.tsx": {"path":"/Users/frrrolova/Projects/REACT-2024-Q3/src/components/ErrorBoundary/ErrorBoundary.tsx","all":false,"statementMap":{"0":{"start":{"line":1,"column":0},"end":{"line":1,"column":60}},"1":{"start":{"line":2,"column":0},"end":{"line":2,"column":49}},"3":{"start":{"line":4,"column":0},"end":{"line":4,"column":87}},"4":{"start":{"line":5,"column":0},"end":{"line":5,"column":41}},"5":{"start":{"line":6,"column":0},"end":{"line":6,"column":17}},"6":{"start":{"line":7,"column":0},"end":{"line":7,"column":37}},"7":{"start":{"line":8,"column":0},"end":{"line":8,"column":3}},"9":{"start":{"line":10,"column":0},"end":{"line":10,"column":37}},"10":{"start":{"line":11,"column":0},"end":{"line":11,"column":30}},"11":{"start":{"line":12,"column":0},"end":{"line":12,"column":3}},"13":{"start":{"line":14,"column":0},"end":{"line":14,"column":57}},"14":{"start":{"line":15,"column":0},"end":{"line":15,"column":34}},"15":{"start":{"line":16,"column":0},"end":{"line":16,"column":3}},"17":{"start":{"line":18,"column":0},"end":{"line":18,"column":12}},"18":{"start":{"line":19,"column":0},"end":{"line":19,"column":30}},"19":{"start":{"line":20,"column":0},"end":{"line":20,"column":14}},"20":{"start":{"line":21,"column":0},"end":{"line":21,"column":42}},"21":{"start":{"line":22,"column":0},"end":{"line":22,"column":42}},"22":{"start":{"line":23,"column":0},"end":{"line":23,"column":67}},"23":{"start":{"line":24,"column":0},"end":{"line":24,"column":17}},"24":{"start":{"line":25,"column":0},"end":{"line":25,"column":21}},"25":{"start":{"line":26,"column":0},"end":{"line":26,"column":38}},"26":{"start":{"line":27,"column":0},"end":{"line":27,"column":32}},"27":{"start":{"line":28,"column":0},"end":{"line":28,"column":76}},"28":{"start":{"line":29,"column":0},"end":{"line":29,"column":18}},"29":{"start":{"line":30,"column":0},"end":{"line":30,"column":15}},"31":{"start":{"line":32,"column":0},"end":{"line":32,"column":23}},"32":{"start":{"line":33,"column":0},"end":{"line":33,"column":18}},"33":{"start":{"line":34,"column":0},"end":{"line":34,"column":16}},"34":{"start":{"line":35,"column":0},"end":{"line":35,"column":14}},"36":{"start":{"line":37,"column":0},"end":{"line":37,"column":5}},"38":{"start":{"line":39,"column":0},"end":{"line":39,"column":31}},"39":{"start":{"line":40,"column":0},"end":{"line":40,"column":3}},"40":{"start":{"line":41,"column":0},"end":{"line":41,"column":1}},"42":{"start":{"line":43,"column":0},"end":{"line":43,"column":29}}},"s":{"0":1,"1":1,"3":1,"4":1,"5":4,"6":4,"7":4,"9":1,"10":0,"11":0,"13":1,"14":0,"15":0,"17":1,"18":4,"19":0,"20":0,"21":0,"22":0,"23":0,"24":0,"25":0,"26":0,"27":0,"28":0,"29":0,"31":0,"32":0,"33":0,"34":0,"36":0,"38":4,"39":4,"40":1,"42":1},"branchMap":{"0":{"type":"branch","line":5,"loc":{"start":{"line":5,"column":2},"end":{"line":8,"column":3}},"locations":[{"start":{"line":5,"column":2},"end":{"line":8,"column":3}}]},"1":{"type":"branch","line":18,"loc":{"start":{"line":18,"column":2},"end":{"line":40,"column":3}},"locations":[{"start":{"line":18,"column":2},"end":{"line":40,"column":3}}]},"2":{"type":"branch","line":19,"loc":{"start":{"line":19,"column":29},"end":{"line":37,"column":5}},"locations":[{"start":{"line":19,"column":29},"end":{"line":37,"column":5}}]}},"b":{"0":[4],"1":[4],"2":[0]},"fnMap":{"0":{"name":"ErrorBoundary","decl":{"start":{"line":5,"column":2},"end":{"line":8,"column":3}},"loc":{"start":{"line":5,"column":2},"end":{"line":8,"column":3}},"line":5},"1":{"name":"getDerivedStateFromError","decl":{"start":{"line":10,"column":9},"end":{"line":12,"column":3}},"loc":{"start":{"line":10,"column":9},"end":{"line":12,"column":3}},"line":10},"2":{"name":"componentDidCatch","decl":{"start":{"line":14,"column":2},"end":{"line":16,"column":3}},"loc":{"start":{"line":14,"column":2},"end":{"line":16,"column":3}},"line":14},"3":{"name":"render","decl":{"start":{"line":18,"column":2},"end":{"line":40,"column":3}},"loc":{"start":{"line":18,"column":2},"end":{"line":40,"column":3}},"line":18},"4":{"name":"onClick","decl":{"start":{"line":27,"column":25},"end":{"line":29,"column":18}},"loc":{"start":{"line":27,"column":25},"end":{"line":29,"column":18}},"line":27}},"f":{"0":4,"1":0,"2":0,"3":4,"4":0}}
,"/Users/frrrolova/Projects/REACT-2024-Q3/src/components/ErrorBoundaryLayout/ErrorBoundaryLayout.tsx": {"path":"/Users/frrrolova/Projects/REACT-2024-Q3/src/components/ErrorBoundaryLayout/ErrorBoundaryLayout.tsx","all":false,"statementMap":{"0":{"start":{"line":1,"column":0},"end":{"line":1,"column":42}},"1":{"start":{"line":2,"column":0},"end":{"line":2,"column":59}},"3":{"start":{"line":4,"column":0},"end":{"line":4,"column":39}},"4":{"start":{"line":5,"column":0},"end":{"line":5,"column":10}},"5":{"start":{"line":6,"column":0},"end":{"line":6,"column":19}},"6":{"start":{"line":7,"column":0},"end":{"line":7,"column":16}},"7":{"start":{"line":8,"column":0},"end":{"line":8,"column":20}},"9":{"start":{"line":10,"column":0},"end":{"line":10,"column":1}}},"s":{"0":1,"1":1,"3":1,"4":4,"5":4,"6":4,"7":4,"9":4},"branchMap":{"0":{"type":"branch","line":4,"loc":{"start":{"line":4,"column":7},"end":{"line":10,"column":1}},"locations":[{"start":{"line":4,"column":7},"end":{"line":10,"column":1}}]}},"b":{"0":[4]},"fnMap":{"0":{"name":"ErrorBoundaryLayout","decl":{"start":{"line":4,"column":7},"end":{"line":10,"column":1}},"loc":{"start":{"line":4,"column":7},"end":{"line":10,"column":1}},"line":4}},"f":{"0":4}}
,"/Users/frrrolova/Projects/REACT-2024-Q3/src/components/Header/Header.tsx": {"path":"/Users/frrrolova/Projects/REACT-2024-Q3/src/components/Header/Header.tsx","all":false,"statementMap":{"0":{"start":{"line":1,"column":0},"end":{"line":1,"column":33}},"1":{"start":{"line":2,"column":0},"end":{"line":2,"column":37}},"2":{"start":{"line":3,"column":0},"end":{"line":3,"column":42}},"8":{"start":{"line":9,"column":0},"end":{"line":9,"column":44}},"9":{"start":{"line":10,"column":0},"end":{"line":10,"column":62}},"11":{"start":{"line":12,"column":0},"end":{"line":12,"column":23}},"12":{"start":{"line":13,"column":0},"end":{"line":13,"column":35}},"13":{"start":{"line":14,"column":0},"end":{"line":14,"column":3}},"15":{"start":{"line":16,"column":0},"end":{"line":16,"column":10}},"16":{"start":{"line":17,"column":0},"end":{"line":17,"column":38}},"17":{"start":{"line":18,"column":0},"end":{"line":18,"column":35}},"18":{"start":{"line":19,"column":0},"end":{"line":19,"column":40}},"19":{"start":{"line":20,"column":0},"end":{"line":20,"column":12}},"20":{"start":{"line":21,"column":0},"end":{"line":21,"column":16}},"21":{"start":{"line":22,"column":0},"end":{"line":22,"column":11}},"22":{"start":{"line":23,"column":0},"end":{"line":23,"column":15}},"23":{"start":{"line":24,"column":0},"end":{"line":24,"column":35}},"24":{"start":{"line":25,"column":0},"end":{"line":25,"column":26}},"25":{"start":{"line":26,"column":0},"end":{"line":26,"column":36}},"26":{"start":{"line":27,"column":0},"end":{"line":27,"column":12}},"27":{"start":{"line":28,"column":0},"end":{"line":28,"column":9}},"29":{"start":{"line":30,"column":0},"end":{"line":30,"column":17}},"30":{"start":{"line":31,"column":0},"end":{"line":31,"column":12}},"31":{"start":{"line":32,"column":0},"end":{"line":32,"column":13}},"33":{"start":{"line":34,"column":0},"end":{"line":34,"column":1}},"35":{"start":{"line":36,"column":0},"end":{"line":36,"column":22}}},"s":{"0":1,"1":1,"2":1,"8":20,"9":20,"11":20,"12":0,"13":0,"15":20,"16":20,"17":20,"18":20,"19":20,"20":20,"21":20,"22":20,"23":20,"24":20,"25":0,"26":0,"27":20,"29":20,"30":20,"31":20,"33":20,"35":1},"branchMap":{"0":{"type":"branch","line":9,"loc":{"start":{"line":9,"column":0},"end":{"line":34,"column":1}},"locations":[{"start":{"line":9,"column":0},"end":{"line":34,"column":1}}]},"1":{"type":"branch","line":12,"loc":{"start":{"line":12,"column":22},"end":{"line":14,"column":3}},"locations":[{"start":{"line":12,"column":22},"end":{"line":14,"column":3}}]}},"b":{"0":[20],"1":[0]},"fnMap":{"0":{"name":"Header","decl":{"start":{"line":9,"column":0},"end":{"line":34,"column":1}},"loc":{"start":{"line":9,"column":0},"end":{"line":34,"column":1}},"line":9},"1":{"name":"onClick","decl":{"start":{"line":25,"column":19},"end":{"line":27,"column":12}},"loc":{"start":{"line":25,"column":19},"end":{"line":27,"column":12}},"line":25}},"f":{"0":20,"1":0}}
,"/Users/frrrolova/Projects/REACT-2024-Q3/src/components/Pagination/Pagination.tsx": {"path":"/Users/frrrolova/Projects/REACT-2024-Q3/src/components/Pagination/Pagination.tsx","all":false,"statementMap":{"0":{"start":{"line":1,"column":0},"end":{"line":1,"column":46}},"9":{"start":{"line":10,"column":0},"end":{"line":10,"column":90}},"10":{"start":{"line":11,"column":0},"end":{"line":11,"column":27}},"12":{"start":{"line":13,"column":0},"end":{"line":13,"column":32}},"13":{"start":{"line":14,"column":0},"end":{"line":14,"column":21}},"14":{"start":{"line":15,"column":0},"end":{"line":15,"column":46}},"15":{"start":{"line":16,"column":0},"end":{"line":16,"column":48}},"16":{"start":{"line":17,"column":0},"end":{"line":17,"column":55}},"18":{"start":{"line":19,"column":0},"end":{"line":19,"column":41}},"19":{"start":{"line":20,"column":0},"end":{"line":20,"column":24}},"20":{"start":{"line":21,"column":0},"end":{"line":21,"column":61}},"21":{"start":{"line":22,"column":0},"end":{"line":22,"column":38}},"22":{"start":{"line":23,"column":0},"end":{"line":23,"column":52}},"23":{"start":{"line":24,"column":0},"end":{"line":24,"column":7}},"24":{"start":{"line":25,"column":0},"end":{"line":25,"column":5}},"26":{"start":{"line":27,"column":0},"end":{"line":27,"column":20}},"27":{"start":{"line":28,"column":0},"end":{"line":28,"column":20}},"28":{"start":{"line":29,"column":0},"end":{"line":29,"column":22}},"29":{"start":{"line":30,"column":0},"end":{"line":30,"column":26}},"30":{"start":{"line":31,"column":0},"end":{"line":31,"column":7}},"31":{"start":{"line":32,"column":0},"end":{"line":32,"column":5}},"33":{"start":{"line":34,"column":0},"end":{"line":34,"column":40}},"34":{"start":{"line":35,"column":0},"end":{"line":35,"column":20}},"35":{"start":{"line":36,"column":0},"end":{"line":36,"column":5}},"37":{"start":{"line":38,"column":0},"end":{"line":38,"column":27}},"38":{"start":{"line":39,"column":0},"end":{"line":39,"column":33}},"39":{"start":{"line":40,"column":0},"end":{"line":40,"column":26}},"40":{"start":{"line":41,"column":0},"end":{"line":41,"column":7}},"41":{"start":{"line":42,"column":0},"end":{"line":42,"column":29}},"42":{"start":{"line":43,"column":0},"end":{"line":43,"column":5}},"44":{"start":{"line":45,"column":0},"end":{"line":45,"column":17}},"45":{"start":{"line":46,"column":0},"end":{"line":46,"column":4}},"47":{"start":{"line":48,"column":0},"end":{"line":48,"column":41}},"48":{"start":{"line":49,"column":0},"end":{"line":49,"column":42}},"49":{"start":{"line":50,"column":0},"end":{"line":50,"column":25}},"50":{"start":{"line":51,"column":0},"end":{"line":51,"column":5}},"51":{"start":{"line":52,"column":0},"end":{"line":52,"column":4}},"53":{"start":{"line":54,"column":0},"end":{"line":54,"column":10}},"54":{"start":{"line":55,"column":0},"end":{"line":55,"column":36}},"55":{"start":{"line":56,"column":0},"end":{"line":56,"column":45}},"56":{"start":{"line":57,"column":0},"end":{"line":57,"column":15}},"57":{"start":{"line":58,"column":0},"end":{"line":58,"column":54}},"58":{"start":{"line":59,"column":0},"end":{"line":59,"column":38}},"59":{"start":{"line":60,"column":0},"end":{"line":60,"column":33}},"60":{"start":{"line":61,"column":0},"end":{"line":61,"column":28}},"62":{"start":{"line":63,"column":0},"end":{"line":63,"column":112}},"63":{"start":{"line":64,"column":0},"end":{"line":64,"column":75}},"64":{"start":{"line":65,"column":0},"end":{"line":65,"column":16}},"65":{"start":{"line":66,"column":0},"end":{"line":66,"column":17}},"66":{"start":{"line":67,"column":0},"end":{"line":67,"column":46}},"67":{"start":{"line":68,"column":0},"end":{"line":68,"column":38}},"68":{"start":{"line":69,"column":0},"end":{"line":69,"column":19}},"69":{"start":{"line":70,"column":0},"end":{"line":70,"column":25}},"70":{"start":{"line":71,"column":0},"end":{"line":71,"column":47}},"71":{"start":{"line":72,"column":0},"end":{"line":72,"column":87}},"72":{"start":{"line":73,"column":0},"end":{"line":73,"column":32}},"73":{"start":{"line":74,"column":0},"end":{"line":74,"column":52}},"75":{"start":{"line":76,"column":0},"end":{"line":76,"column":20}},"76":{"start":{"line":77,"column":0},"end":{"line":77,"column":21}},"78":{"start":{"line":79,"column":0},"end":{"line":79,"column":40}},"80":{"start":{"line":81,"column":0},"end":{"line":81,"column":10}},"81":{"start":{"line":82,"column":0},"end":{"line":82,"column":15}},"82":{"start":{"line":83,"column":0},"end":{"line":83,"column":54}},"83":{"start":{"line":84,"column":0},"end":{"line":84,"column":47}},"84":{"start":{"line":85,"column":0},"end":{"line":85,"column":33}},"85":{"start":{"line":86,"column":0},"end":{"line":86,"column":28}},"87":{"start":{"line":88,"column":0},"end":{"line":88,"column":110}},"88":{"start":{"line":89,"column":0},"end":{"line":89,"column":76}},"89":{"start":{"line":90,"column":0},"end":{"line":90,"column":16}},"90":{"start":{"line":91,"column":0},"end":{"line":91,"column":17}},"91":{"start":{"line":92,"column":0},"end":{"line":92,"column":12}},"92":{"start":{"line":93,"column":0},"end":{"line":93,"column":10}},"94":{"start":{"line":95,"column":0},"end":{"line":95,"column":1}},"96":{"start":{"line":97,"column":0},"end":{"line":97,"column":26}}},"s":{"0":1,"9":14,"10":14,"12":14,"13":14,"14":14,"15":14,"16":14,"18":14,"19":12,"20":12,"21":12,"22":0,"23":0,"24":12,"26":14,"27":0,"28":0,"29":0,"30":0,"31":0,"33":14,"34":42,"35":42,"37":14,"38":0,"39":0,"40":0,"41":0,"42":0,"44":14,"45":14,"47":14,"48":2,"49":2,"50":2,"51":2,"53":14,"54":14,"55":14,"56":14,"57":14,"58":14,"59":14,"60":14,"62":14,"63":14,"64":14,"65":14,"66":14,"67":42,"68":42,"69":42,"70":42,"71":42,"72":42,"73":42,"75":42,"76":42,"78":0,"80":14,"81":14,"82":14,"83":14,"84":14,"85":14,"87":14,"88":14,"89":14,"90":14,"91":14,"92":14,"94":14,"96":1},"branchMap":{"0":{"type":"branch","line":10,"loc":{"start":{"line":10,"column":0},"end":{"line":95,"column":1}},"locations":[{"start":{"line":10,"column":0},"end":{"line":95,"column":1}}]},"1":{"type":"branch","line":13,"loc":{"start":{"line":13,"column":25},"end":{"line":46,"column":4}},"locations":[{"start":{"line":13,"column":25},"end":{"line":46,"column":4}}]},"2":{"type":"branch","line":19,"loc":{"start":{"line":19,"column":40},"end":{"line":25,"column":5}},"locations":[{"start":{"line":19,"column":40},"end":{"line":25,"column":5}}]},"3":{"type":"branch","line":22,"loc":{"start":{"line":22,"column":6},"end":{"line":24,"column":7}},"locations":[{"start":{"line":22,"column":6},"end":{"line":24,"column":7}}]},"4":{"type":"branch","line":27,"loc":{"start":{"line":27,"column":19},"end":{"line":32,"column":5}},"locations":[{"start":{"line":27,"column":19},"end":{"line":32,"column":5}}]},"5":{"type":"branch","line":34,"loc":{"start":{"line":34,"column":39},"end":{"line":36,"column":5}},"locations":[{"start":{"line":34,"column":39},"end":{"line":36,"column":5}}]},"6":{"type":"branch","line":38,"loc":{"start":{"line":38,"column":26},"end":{"line":43,"column":5}},"locations":[{"start":{"line":38,"column":26},"end":{"line":43,"column":5}}]},"7":{"type":"branch","line":48,"loc":{"start":{"line":48,"column":22},"end":{"line":52,"column":4}},"locations":[{"start":{"line":48,"column":22},"end":{"line":52,"column":4}}]},"8":{"type":"branch","line":67,"loc":{"start":{"line":67,"column":30},"end":{"line":79,"column":40}},"locations":[{"start":{"line":67,"column":30},"end":{"line":79,"column":40}}]},"9":{"type":"branch","line":72,"loc":{"start":{"line":72,"column":52},"end":{"line":72,"column":82}},"locations":[{"start":{"line":72,"column":52},"end":{"line":72,"column":82}}]},"10":{"type":"branch","line":72,"loc":{"start":{"line":72,"column":73},"end":{"line":72,"column":84}},"locations":[{"start":{"line":72,"column":73},"end":{"line":72,"column":84}}]},"11":{"type":"branch","line":77,"loc":{"start":{"line":77,"column":12},"end":{"line":79,"column":40}},"locations":[{"start":{"line":77,"column":12},"end":{"line":79,"column":40}}]},"12":{"type":"branch","line":71,"loc":{"start":{"line":71,"column":23},"end":{"line":71,"column":47}},"locations":[{"start":{"line":71,"column":23},"end":{"line":71,"column":47}}]}},"b":{"0":[14],"1":[14],"2":[12],"3":[0],"4":[0],"5":[42],"6":[0],"7":[2],"8":[42],"9":[14],"10":[28],"11":[0],"12":[2]},"fnMap":{"0":{"name":"Pagination","decl":{"start":{"line":10,"column":0},"end":{"line":95,"column":1}},"loc":{"start":{"line":10,"column":0},"end":{"line":95,"column":1}},"line":10},"1":{"name":"getPageNumbers","decl":{"start":{"line":13,"column":25},"end":{"line":46,"column":4}},"loc":{"start":{"line":13,"column":25},"end":{"line":46,"column":4}},"line":13},"2":{"name":"handleClick","decl":{"start":{"line":48,"column":22},"end":{"line":52,"column":4}},"loc":{"start":{"line":48,"column":22},"end":{"line":52,"column":4}},"line":48},"3":{"name":"onClick","decl":{"start":{"line":58,"column":19},"end":{"line":58,"column":54}},"loc":{"start":{"line":58,"column":19},"end":{"line":58,"column":54}},"line":58},"4":{"name":"onClick","decl":{"start":{"line":71,"column":23},"end":{"line":71,"column":47}},"loc":{"start":{"line":71,"column":23},"end":{"line":71,"column":47}},"line":71},"5":{"name":"onClick","decl":{"start":{"line":83,"column":19},"end":{"line":83,"column":54}},"loc":{"start":{"line":83,"column":19},"end":{"line":83,"column":54}},"line":83}},"f":{"0":14,"1":14,"2":2,"3":0,"4":2,"5":0}}
,"/Users/frrrolova/Projects/REACT-2024-Q3/src/components/SearchInput/SearchInput.tsx": {"path":"/Users/frrrolova/Projects/REACT-2024-Q3/src/components/SearchInput/SearchInput.tsx","all":false,"statementMap":{"0":{"start":{"line":1,"column":0},"end":{"line":1,"column":31}},"1":{"start":{"line":2,"column":0},"end":{"line":2,"column":47}},"2":{"start":{"line":3,"column":0},"end":{"line":3,"column":37}},"9":{"start":{"line":10,"column":0},"end":{"line":10,"column":77}},"10":{"start":{"line":11,"column":0},"end":{"line":11,"column":50}},"12":{"start":{"line":13,"column":0},"end":{"line":13,"column":10}},"13":{"start":{"line":14,"column":0},"end":{"line":14,"column":9}},"14":{"start":{"line":15,"column":0},"end":{"line":15,"column":31}},"15":{"start":{"line":16,"column":0},"end":{"line":16,"column":24}},"16":{"start":{"line":17,"column":0},"end":{"line":17,"column":27}},"17":{"start":{"line":18,"column":0},"end":{"line":18,"column":78}},"18":{"start":{"line":19,"column":0},"end":{"line":19,"column":71}},"19":{"start":{"line":20,"column":0},"end":{"line":20,"column":46}},"20":{"start":{"line":21,"column":0},"end":{"line":21,"column":59}},"21":{"start":{"line":22,"column":0},"end":{"line":22,"column":38}},"22":{"start":{"line":23,"column":0},"end":{"line":23,"column":9}},"23":{"start":{"line":24,"column":0},"end":{"line":24,"column":8}},"25":{"start":{"line":26,"column":0},"end":{"line":26,"column":12}},"26":{"start":{"line":27,"column":0},"end":{"line":27,"column":67}},"27":{"start":{"line":28,"column":0},"end":{"line":28,"column":38}},"28":{"start":{"line":29,"column":0},"end":{"line":29,"column":20}},"29":{"start":{"line":30,"column":0},"end":{"line":30,"column":22}},"30":{"start":{"line":31,"column":0},"end":{"line":31,"column":32}},"31":{"start":{"line":32,"column":0},"end":{"line":32,"column":34}},"32":{"start":{"line":33,"column":0},"end":{"line":33,"column":8}},"33":{"start":{"line":34,"column":0},"end":{"line":34,"column":104}},"35":{"start":{"line":36,"column":0},"end":{"line":36,"column":15}},"36":{"start":{"line":37,"column":0},"end":{"line":37,"column":11}},"38":{"start":{"line":39,"column":0},"end":{"line":39,"column":1}},"40":{"start":{"line":41,"column":0},"end":{"line":41,"column":27}}},"s":{"0":1,"1":1,"2":1,"9":22,"10":22,"12":22,"13":22,"14":22,"15":22,"16":1,"17":1,"18":1,"19":1,"20":1,"21":0,"22":0,"23":1,"25":22,"26":22,"27":22,"28":22,"29":22,"30":22,"31":22,"32":22,"33":22,"35":22,"36":22,"38":22,"40":1},"branchMap":{"0":{"type":"branch","line":10,"loc":{"start":{"line":10,"column":0},"end":{"line":39,"column":1}},"locations":[{"start":{"line":10,"column":0},"end":{"line":39,"column":1}}]},"1":{"type":"branch","line":16,"loc":{"start":{"line":16,"column":16},"end":{"line":24,"column":8}},"locations":[{"start":{"line":16,"column":16},"end":{"line":24,"column":8}}]},"2":{"type":"branch","line":19,"loc":{"start":{"line":19,"column":47},"end":{"line":19,"column":69}},"locations":[{"start":{"line":19,"column":47},"end":{"line":19,"column":69}}]},"3":{"type":"branch","line":20,"loc":{"start":{"line":20,"column":22},"end":{"line":20,"column":44}},"locations":[{"start":{"line":20,"column":22},"end":{"line":20,"column":44}}]},"4":{"type":"branch","line":21,"loc":{"start":{"line":21,"column":13},"end":{"line":21,"column":58}},"locations":[{"start":{"line":21,"column":13},"end":{"line":21,"column":58}}]},"5":{"type":"branch","line":21,"loc":{"start":{"line":21,"column":58},"end":{"line":23,"column":9}},"locations":[{"start":{"line":21,"column":58},"end":{"line":23,"column":9}}]}},"b":{"0":[22],"1":[1],"2":[0],"3":[0],"4":[0],"5":[0]},"fnMap":{"0":{"name":"SearchInput","decl":{"start":{"line":10,"column":0},"end":{"line":39,"column":1}},"loc":{"start":{"line":10,"column":0},"end":{"line":39,"column":1}},"line":10},"1":{"name":"onSubmit","decl":{"start":{"line":16,"column":16},"end":{"line":24,"column":8}},"loc":{"start":{"line":16,"column":16},"end":{"line":24,"column":8}},"line":16}},"f":{"0":22,"1":1}}
,"/Users/frrrolova/Projects/REACT-2024-Q3/src/enums/searchParams.enum.ts": {"path":"/Users/frrrolova/Projects/REACT-2024-Q3/src/enums/searchParams.enum.ts","all":false,"statementMap":{"0":{"start":{"line":1,"column":0},"end":{"line":1,"column":26}},"1":{"start":{"line":2,"column":0},"end":{"line":2,"column":16}},"2":{"start":{"line":3,"column":0},"end":{"line":3,"column":22}}},"s":{"0":1,"1":1,"2":1},"branchMap":{"0":{"type":"branch","line":1,"loc":{"start":{"line":1,"column":7},"end":{"line":1,"column":26}},"locations":[{"start":{"line":1,"column":7},"end":{"line":1,"column":26}}]}},"b":{"0":[3]},"fnMap":{},"f":{}}
,"/Users/frrrolova/Projects/REACT-2024-Q3/src/pages/errorPage/ErrorPage.tsx": {"path":"/Users/frrrolova/Projects/REACT-2024-Q3/src/pages/errorPage/ErrorPage.tsx","all":false,"statementMap":{"0":{"start":{"line":1,"column":0},"end":{"line":1,"column":37}},"1":{"start":{"line":2,"column":0},"end":{"line":2,"column":45}},"2":{"start":{"line":3,"column":0},"end":{"line":3,"column":47}},"3":{"start":{"line":4,"column":0},"end":{"line":4,"column":41}},"5":{"start":{"line":6,"column":0},"end":{"line":6,"column":22}},"6":{"start":{"line":7,"column":0},"end":{"line":7,"column":33}},"8":{"start":{"line":9,"column":0},"end":{"line":9,"column":10}},"9":{"start":{"line":10,"column":0},"end":{"line":10,"column":36}},"10":{"start":{"line":11,"column":0},"end":{"line":11,"column":40}},"11":{"start":{"line":12,"column":0},"end":{"line":12,"column":36}},"12":{"start":{"line":13,"column":0},"end":{"line":13,"column":42}},"13":{"start":{"line":14,"column":0},"end":{"line":14,"column":14}},"14":{"start":{"line":15,"column":0},"end":{"line":15,"column":13}},"15":{"start":{"line":16,"column":0},"end":{"line":16,"column":39}},"16":{"start":{"line":17,"column":0},"end":{"line":17,"column":24}},"17":{"start":{"line":18,"column":0},"end":{"line":18,"column":56}},"18":{"start":{"line":19,"column":0},"end":{"line":19,"column":16}},"19":{"start":{"line":20,"column":0},"end":{"line":20,"column":17}},"20":{"start":{"line":21,"column":0},"end":{"line":21,"column":34}},"21":{"start":{"line":22,"column":0},"end":{"line":22,"column":28}},"22":{"start":{"line":23,"column":0},"end":{"line":23,"column":36}},"23":{"start":{"line":24,"column":0},"end":{"line":24,"column":14}},"24":{"start":{"line":25,"column":0},"end":{"line":25,"column":37}},"25":{"start":{"line":26,"column":0},"end":{"line":26,"column":11}},"27":{"start":{"line":28,"column":0},"end":{"line":28,"column":19}},"28":{"start":{"line":29,"column":0},"end":{"line":29,"column":14}},"29":{"start":{"line":30,"column":0},"end":{"line":30,"column":12}},"30":{"start":{"line":31,"column":0},"end":{"line":31,"column":10}},"32":{"start":{"line":33,"column":0},"end":{"line":33,"column":1}},"34":{"start":{"line":35,"column":0},"end":{"line":35,"column":25}}},"s":{"0":1,"1":1,"2":1,"3":1,"5":1,"6":1,"8":1,"9":1,"10":1,"11":1,"12":1,"13":1,"14":1,"15":1,"16":1,"17":1,"18":1,"19":1,"20":1,"21":1,"22":1,"23":1,"24":1,"25":1,"27":1,"28":1,"29":1,"30":1,"32":1,"34":1},"branchMap":{"0":{"type":"branch","line":6,"loc":{"start":{"line":6,"column":0},"end":{"line":33,"column":1}},"locations":[{"start":{"line":6,"column":0},"end":{"line":33,"column":1}}]},"1":{"type":"branch","line":22,"loc":{"start":{"line":22,"column":21},"end":{"line":24,"column":14}},"locations":[{"start":{"line":22,"column":21},"end":{"line":24,"column":14}}]}},"b":{"0":[1],"1":[1]},"fnMap":{"0":{"name":"ErrorPage","decl":{"start":{"line":6,"column":0},"end":{"line":33,"column":1}},"loc":{"start":{"line":6,"column":0},"end":{"line":33,"column":1}},"line":6},"1":{"name":"onClick","decl":{"start":{"line":22,"column":21},"end":{"line":24,"column":14}},"loc":{"start":{"line":22,"column":21},"end":{"line":24,"column":14}},"line":22}},"f":{"0":1,"1":1}}
,"/Users/frrrolova/Projects/REACT-2024-Q3/src/pages/main/Main.tsx": {"path":"/Users/frrrolova/Projects/REACT-2024-Q3/src/pages/main/Main.tsx","all":false,"statementMap":{"0":{"start":{"line":1,"column":0},"end":{"line":1,"column":51}},"1":{"start":{"line":2,"column":0},"end":{"line":2,"column":48}},"2":{"start":{"line":3,"column":0},"end":{"line":3,"column":63}},"3":{"start":{"line":4,"column":0},"end":{"line":4,"column":62}},"5":{"start":{"line":6,"column":0},"end":{"line":6,"column":44}},"6":{"start":{"line":7,"column":0},"end":{"line":7,"column":40}},"7":{"start":{"line":8,"column":0},"end":{"line":8,"column":59}},"8":{"start":{"line":9,"column":0},"end":{"line":9,"column":60}},"9":{"start":{"line":10,"column":0},"end":{"line":10,"column":50}},"10":{"start":{"line":11,"column":0},"end":{"line":11,"column":57}},"12":{"start":{"line":13,"column":0},"end":{"line":13,"column":17}},"13":{"start":{"line":14,"column":0},"end":{"line":14,"column":58}},"14":{"start":{"line":15,"column":0},"end":{"line":15,"column":52}},"15":{"start":{"line":16,"column":0},"end":{"line":16,"column":84}},"17":{"start":{"line":18,"column":0},"end":{"line":18,"column":60}},"18":{"start":{"line":19,"column":0},"end":{"line":19,"column":40}},"19":{"start":{"line":20,"column":0},"end":{"line":20,"column":40}},"21":{"start":{"line":22,"column":0},"end":{"line":22,"column":62}},"23":{"start":{"line":24,"column":0},"end":{"line":24,"column":19}},"24":{"start":{"line":25,"column":0},"end":{"line":25,"column":82}},"26":{"start":{"line":27,"column":0},"end":{"line":27,"column":118}},"27":{"start":{"line":28,"column":0},"end":{"line":28,"column":9}},"29":{"start":{"line":30,"column":0},"end":{"line":30,"column":87}},"30":{"start":{"line":31,"column":0},"end":{"line":31,"column":23}},"31":{"start":{"line":32,"column":0},"end":{"line":32,"column":39}},"32":{"start":{"line":33,"column":0},"end":{"line":33,"column":44}},"33":{"start":{"line":34,"column":0},"end":{"line":34,"column":30}},"34":{"start":{"line":35,"column":0},"end":{"line":35,"column":40}},"35":{"start":{"line":36,"column":0},"end":{"line":36,"column":66}},"36":{"start":{"line":37,"column":0},"end":{"line":37,"column":41}},"37":{"start":{"line":38,"column":0},"end":{"line":38,"column":41}},"38":{"start":{"line":39,"column":0},"end":{"line":39,"column":8}},"39":{"start":{"line":40,"column":0},"end":{"line":40,"column":20}},"40":{"start":{"line":41,"column":0},"end":{"line":41,"column":23}},"41":{"start":{"line":42,"column":0},"end":{"line":42,"column":43}},"42":{"start":{"line":43,"column":0},"end":{"line":43,"column":8}},"43":{"start":{"line":44,"column":0},"end":{"line":44,"column":22}},"44":{"start":{"line":45,"column":0},"end":{"line":45,"column":28}},"45":{"start":{"line":46,"column":0},"end":{"line":46,"column":9}},"46":{"start":{"line":47,"column":0},"end":{"line":47,"column":4}},"48":{"start":{"line":49,"column":0},"end":{"line":49,"column":10}},"49":{"start":{"line":50,"column":0},"end":{"line":50,"column":6}},"50":{"start":{"line":51,"column":0},"end":{"line":51,"column":14}},"51":{"start":{"line":52,"column":0},"end":{"line":52,"column":20}},"52":{"start":{"line":53,"column":0},"end":{"line":53,"column":38}},"53":{"start":{"line":54,"column":0},"end":{"line":54,"column":44}},"54":{"start":{"line":55,"column":0},"end":{"line":55,"column":51}},"55":{"start":{"line":56,"column":0},"end":{"line":56,"column":55}},"56":{"start":{"line":57,"column":0},"end":{"line":57,"column":12}},"57":{"start":{"line":58,"column":0},"end":{"line":58,"column":10}},"58":{"start":{"line":59,"column":0},"end":{"line":59,"column":15}},"59":{"start":{"line":60,"column":0},"end":{"line":60,"column":46}},"60":{"start":{"line":61,"column":0},"end":{"line":61,"column":16}},"61":{"start":{"line":62,"column":0},"end":{"line":62,"column":63}},"62":{"start":{"line":63,"column":0},"end":{"line":63,"column":27}},"63":{"start":{"line":64,"column":0},"end":{"line":64,"column":31}},"64":{"start":{"line":65,"column":0},"end":{"line":65,"column":35}},"65":{"start":{"line":66,"column":0},"end":{"line":66,"column":113}},"66":{"start":{"line":67,"column":0},"end":{"line":67,"column":12}},"68":{"start":{"line":69,"column":0},"end":{"line":69,"column":20}},"69":{"start":{"line":70,"column":0},"end":{"line":70,"column":23}},"70":{"start":{"line":71,"column":0},"end":{"line":71,"column":81}},"71":{"start":{"line":72,"column":0},"end":{"line":72,"column":27}},"72":{"start":{"line":73,"column":0},"end":{"line":73,"column":30}},"73":{"start":{"line":74,"column":0},"end":{"line":74,"column":39}},"74":{"start":{"line":75,"column":0},"end":{"line":75,"column":56}},"75":{"start":{"line":76,"column":0},"end":{"line":76,"column":92}},"76":{"start":{"line":77,"column":0},"end":{"line":77,"column":16}},"77":{"start":{"line":78,"column":0},"end":{"line":78,"column":14}},"78":{"start":{"line":79,"column":0},"end":{"line":79,"column":24}},"79":{"start":{"line":80,"column":0},"end":{"line":80,"column":18}},"80":{"start":{"line":81,"column":0},"end":{"line":81,"column":36}},"81":{"start":{"line":82,"column":0},"end":{"line":82,"column":12}},"82":{"start":{"line":83,"column":0},"end":{"line":83,"column":7}},"84":{"start":{"line":85,"column":0},"end":{"line":85,"column":1}},"86":{"start":{"line":87,"column":0},"end":{"line":87,"column":20}}},"s":{"0":1,"1":1,"2":1,"3":1,"5":1,"6":1,"7":1,"8":1,"9":1,"10":1,"12":21,"13":21,"14":21,"15":21,"17":21,"18":21,"19":21,"21":21,"23":21,"24":4,"26":4,"27":21,"29":21,"30":5,"31":5,"32":5,"33":5,"34":5,"35":5,"36":5,"37":5,"38":5,"39":5,"40":0,"41":0,"42":5,"43":5,"44":5,"45":5,"46":5,"48":21,"49":21,"50":21,"51":21,"52":21,"53":21,"54":0,"55":0,"56":0,"57":21,"58":21,"59":21,"60":21,"61":21,"62":21,"63":21,"64":21,"65":3,"66":3,"68":21,"69":13,"70":13,"71":13,"72":13,"73":13,"74":1,"75":1,"76":1,"77":13,"78":8,"79":21,"80":21,"81":21,"82":21,"84":21,"86":1},"branchMap":{"0":{"type":"branch","line":13,"loc":{"start":{"line":13,"column":0},"end":{"line":85,"column":1}},"locations":[{"start":{"line":13,"column":0},"end":{"line":85,"column":1}}]},"1":{"type":"branch","line":69,"loc":{"start":{"line":69,"column":11},"end":{"line":78,"column":14}},"locations":[{"start":{"line":69,"column":11},"end":{"line":78,"column":14}}]},"2":{"type":"branch","line":71,"loc":{"start":{"line":71,"column":63},"end":{"line":71,"column":81}},"locations":[{"start":{"line":71,"column":63},"end":{"line":71,"column":81}}]},"3":{"type":"branch","line":78,"loc":{"start":{"line":78,"column":12},"end":{"line":79,"column":24}},"locations":[{"start":{"line":78,"column":12},"end":{"line":79,"column":24}}]},"4":{"type":"branch","line":81,"loc":{"start":{"line":81,"column":9},"end":{"line":81,"column":36}},"locations":[{"start":{"line":81,"column":9},"end":{"line":81,"column":36}}]},"5":{"type":"branch","line":24,"loc":{"start":{"line":24,"column":12},"end":{"line":28,"column":5}},"locations":[{"start":{"line":24,"column":12},"end":{"line":28,"column":5}}]},"6":{"type":"branch","line":30,"loc":{"start":{"line":30,"column":26},"end":{"line":47,"column":4}},"locations":[{"start":{"line":30,"column":26},"end":{"line":47,"column":4}}]},"7":{"type":"branch","line":34,"loc":{"start":{"line":34,"column":12},"end":{"line":39,"column":7}},"locations":[{"start":{"line":34,"column":12},"end":{"line":39,"column":7}}]},"8":{"type":"branch","line":44,"loc":{"start":{"line":44,"column":15},"end":{"line":46,"column":7}},"locations":[{"start":{"line":44,"column":15},"end":{"line":46,"column":7}}]},"9":{"type":"branch","line":65,"loc":{"start":{"line":65,"column":24},"end":{"line":67,"column":12}},"locations":[{"start":{"line":65,"column":24},"end":{"line":67,"column":12}}]},"10":{"type":"branch","line":66,"loc":{"start":{"line":66,"column":70},"end":{"line":66,"column":88}},"locations":[{"start":{"line":66,"column":70},"end":{"line":66,"column":88}}]},"11":{"type":"branch","line":74,"loc":{"start":{"line":74,"column":28},"end":{"line":77,"column":16}},"locations":[{"start":{"line":74,"column":28},"end":{"line":77,"column":16}}]}},"b":{"0":[21],"1":[13],"2":[0],"3":[8],"4":[5],"5":[4],"6":[5],"7":[5],"8":[5],"9":[3],"10":[0],"11":[1]},"fnMap":{"0":{"name":"Main","decl":{"start":{"line":13,"column":0},"end":{"line":85,"column":1}},"loc":{"start":{"line":13,"column":0},"end":{"line":85,"column":1}},"line":13},"1":{"name":"fetchCharacters","decl":{"start":{"line":30,"column":26},"end":{"line":47,"column":4}},"loc":{"start":{"line":30,"column":26},"end":{"line":47,"column":4}},"line":30},"2":{"name":"onSearchClick","decl":{"start":{"line":54,"column":25},"end":{"line":57,"column":12}},"loc":{"start":{"line":54,"column":25},"end":{"line":57,"column":12}},"line":54},"3":{"name":"onCardSelect","decl":{"start":{"line":65,"column":24},"end":{"line":67,"column":12}},"loc":{"start":{"line":65,"column":24},"end":{"line":67,"column":12}},"line":65},"4":{"name":"onPageChange","decl":{"start":{"line":74,"column":28},"end":{"line":77,"column":16}},"loc":{"start":{"line":74,"column":28},"end":{"line":77,"column":16}},"line":74}},"f":{"0":21,"1":5,"2":0,"3":3,"4":1}}
,"/Users/frrrolova/Projects/REACT-2024-Q3/src/routes/Routing.tsx": {"path":"/Users/frrrolova/Projects/REACT-2024-Q3/src/routes/Routing.tsx","all":false,"statementMap":{"0":{"start":{"line":1,"column":0},"end":{"line":1,"column":51}},"1":{"start":{"line":2,"column":0},"end":{"line":2,"column":91}},"2":{"start":{"line":3,"column":0},"end":{"line":3,"column":52}},"3":{"start":{"line":4,"column":0},"end":{"line":4,"column":37}},"4":{"start":{"line":5,"column":0},"end":{"line":5,"column":68}},"5":{"start":{"line":6,"column":0},"end":{"line":6,"column":34}},"7":{"start":{"line":8,"column":0},"end":{"line":8,"column":44}},"8":{"start":{"line":9,"column":0},"end":{"line":9,"column":3}},"9":{"start":{"line":10,"column":0},"end":{"line":10,"column":37}},"10":{"start":{"line":11,"column":0},"end":{"line":11,"column":15}},"11":{"start":{"line":12,"column":0},"end":{"line":12,"column":7}},"12":{"start":{"line":13,"column":0},"end":{"line":13,"column":26}},"13":{"start":{"line":14,"column":0},"end":{"line":14,"column":26}},"14":{"start":{"line":15,"column":0},"end":{"line":15,"column":19}},"15":{"start":{"line":16,"column":0},"end":{"line":16,"column":11}},"16":{"start":{"line":17,"column":0},"end":{"line":17,"column":33}},"17":{"start":{"line":18,"column":0},"end":{"line":18,"column":30}},"18":{"start":{"line":19,"column":0},"end":{"line":19,"column":12}},"19":{"start":{"line":20,"column":0},"end":{"line":20,"column":10}},"20":{"start":{"line":21,"column":0},"end":{"line":21,"column":8}},"21":{"start":{"line":22,"column":0},"end":{"line":22,"column":7}},"22":{"start":{"line":23,"column":0},"end":{"line":23,"column":31}},"23":{"start":{"line":24,"column":0},"end":{"line":24,"column":27}},"24":{"start":{"line":25,"column":0},"end":{"line":25,"column":8}},"25":{"start":{"line":26,"column":0},"end":{"line":26,"column":6}},"26":{"start":{"line":27,"column":0},"end":{"line":27,"column":4}},"27":{"start":{"line":28,"column":0},"end":{"line":28,"column":2}},"29":{"start":{"line":30,"column":0},"end":{"line":30,"column":56}}},"s":{"0":1,"1":1,"2":1,"3":1,"4":1,"5":1,"7":1,"8":1,"9":1,"10":1,"11":1,"12":1,"13":1,"14":1,"15":1,"16":1,"17":1,"18":1,"19":1,"20":1,"21":1,"22":1,"23":1,"24":1,"25":1,"26":1,"27":1,"29":1},"branchMap":{},"b":{},"fnMap":{},"f":{}}
,"/Users/frrrolova/Projects/REACT-2024-Q3/src/routes/routes.ts": {"path":"/Users/frrrolova/Projects/REACT-2024-Q3/src/routes/routes.ts","all":false,"statementMap":{"0":{"start":{"line":1,"column":0},"end":{"line":1,"column":23}},"1":{"start":{"line":2,"column":0},"end":{"line":2,"column":12}},"2":{"start":{"line":3,"column":0},"end":{"line":3,"column":13}},"3":{"start":{"line":4,"column":0},"end":{"line":4,"column":2}}},"s":{"0":1,"1":1,"2":1,"3":1},"branchMap":{},"b":{},"fnMap":{},"f":{}}
,"/Users/frrrolova/Projects/REACT-2024-Q3/src/services/characters.service.ts": {"path":"/Users/frrrolova/Projects/REACT-2024-Q3/src/services/characters.service.ts","all":true,"statementMap":{"0":{"start":{"line":1,"column":0},"end":{"line":1,"column":38}},"3":{"start":{"line":4,"column":0},"end":{"line":4,"column":113}},"4":{"start":{"line":5,"column":0},"end":{"line":5,"column":53}},"5":{"start":{"line":6,"column":0},"end":{"line":6,"column":21}},"6":{"start":{"line":7,"column":0},"end":{"line":7,"column":35}},"7":{"start":{"line":8,"column":0},"end":{"line":8,"column":3}},"9":{"start":{"line":10,"column":0},"end":{"line":10,"column":41}},"10":{"start":{"line":11,"column":0},"end":{"line":11,"column":1}},"12":{"start":{"line":13,"column":0},"end":{"line":13,"column":74}},"13":{"start":{"line":14,"column":0},"end":{"line":14,"column":43}},"15":{"start":{"line":16,"column":0},"end":{"line":16,"column":41}},"16":{"start":{"line":17,"column":0},"end":{"line":17,"column":1}}},"s":{"0":0,"3":0,"4":0,"5":0,"6":0,"7":0,"9":0,"10":0,"12":0,"13":0,"15":0,"16":0},"branchMap":{"0":{"type":"branch","line":1,"loc":{"start":{"line":1,"column":0},"end":{"line":17,"column":-73}},"locations":[{"start":{"line":1,"column":0},"end":{"line":17,"column":-73}}]}},"b":{"0":[0]},"fnMap":{"0":{"name":"(empty-report)","decl":{"start":{"line":1,"column":0},"end":{"line":17,"column":-73}},"loc":{"start":{"line":1,"column":0},"end":{"line":17,"column":-73}},"line":1}},"f":{"0":0}}
}
