{"/Users/frrrolova/Projects/REACT-2024-Q3/src/App.tsx": {"path":"/Users/frrrolova/Projects/REACT-2024-Q3/src/App.tsx","all":false,"statementMap":{"0":{"start":{"line":1,"column":0},"end":{"line":1,"column":69}},"1":{"start":{"line":2,"column":0},"end":{"line":2,"column":50}},"2":{"start":{"line":3,"column":0},"end":{"line":3,"column":39}},"3":{"start":{"line":4,"column":0},"end":{"line":4,"column":42}},"4":{"start":{"line":5,"column":0},"end":{"line":5,"column":38}},"5":{"start":{"line":6,"column":0},"end":{"line":6,"column":57}},"7":{"start":{"line":8,"column":0},"end":{"line":8,"column":39}},"8":{"start":{"line":9,"column":0},"end":{"line":9,"column":44}},"10":{"start":{"line":11,"column":0},"end":{"line":11,"column":16}},"11":{"start":{"line":12,"column":0},"end":{"line":12,"column":31}},"13":{"start":{"line":14,"column":0},"end":{"line":14,"column":10}},"14":{"start":{"line":15,"column":0},"end":{"line":15,"column":28}},"15":{"start":{"line":16,"column":0},"end":{"line":16,"column":96}},"16":{"start":{"line":17,"column":0},"end":{"line":17,"column":21}},"17":{"start":{"line":18,"column":0},"end":{"line":18,"column":23}},"18":{"start":{"line":19,"column":0},"end":{"line":19,"column":44}},"19":{"start":{"line":20,"column":0},"end":{"line":20,"column":24}},"20":{"start":{"line":21,"column":0},"end":{"line":21,"column":12}},"21":{"start":{"line":22,"column":0},"end":{"line":22,"column":15}},"23":{"start":{"line":24,"column":0},"end":{"line":24,"column":1}},"25":{"start":{"line":26,"column":0},"end":{"line":26,"column":19}}},"s":{"0":1,"1":1,"2":1,"3":1,"4":1,"5":1,"7":1,"8":1,"10":1,"11":1,"13":1,"14":1,"15":1,"16":1,"17":1,"18":1,"19":1,"20":1,"21":1,"23":1,"25":1},"branchMap":{"0":{"type":"branch","line":11,"loc":{"start":{"line":11,"column":0},"end":{"line":24,"column":1}},"locations":[{"start":{"line":11,"column":0},"end":{"line":24,"column":1}}]}},"b":{"0":[1]},"fnMap":{"0":{"name":"App","decl":{"start":{"line":11,"column":0},"end":{"line":24,"column":1}},"loc":{"start":{"line":11,"column":0},"end":{"line":24,"column":1}},"line":11}},"f":{"0":1}}
,"/Users/frrrolova/Projects/REACT-2024-Q3/src/constants.ts": {"path":"/Users/frrrolova/Projects/REACT-2024-Q3/src/constants.ts","all":false,"statementMap":{"0":{"start":{"line":1,"column":0},"end":{"line":1,"column":57}},"2":{"start":{"line":3,"column":0},"end":{"line":3,"column":29}},"4":{"start":{"line":5,"column":0},"end":{"line":5,"column":23}},"5":{"start":{"line":6,"column":0},"end":{"line":6,"column":28}},"6":{"start":{"line":7,"column":0},"end":{"line":7,"column":2}}},"s":{"0":1,"2":1,"4":1,"5":1,"6":1},"branchMap":{},"b":{},"fnMap":{},"f":{}}
,"/Users/frrrolova/Projects/REACT-2024-Q3/src/main.tsx": {"path":"/Users/frrrolova/Projects/REACT-2024-Q3/src/main.tsx","all":true,"statementMap":{"0":{"start":{"line":1,"column":0},"end":{"line":1,"column":26}},"1":{"start":{"line":2,"column":0},"end":{"line":2,"column":40}},"2":{"start":{"line":3,"column":0},"end":{"line":3,"column":28}},"3":{"start":{"line":4,"column":0},"end":{"line":4,"column":30}},"4":{"start":{"line":5,"column":0},"end":{"line":5,"column":63}},"6":{"start":{"line":7,"column":0},"end":{"line":7,"column":61}},"7":{"start":{"line":8,"column":0},"end":{"line":8,"column":20}},"8":{"start":{"line":9,"column":0},"end":{"line":9,"column":19}},"9":{"start":{"line":10,"column":0},"end":{"line":10,"column":13}},"10":{"start":{"line":11,"column":0},"end":{"line":11,"column":20}},"11":{"start":{"line":12,"column":0},"end":{"line":12,"column":22}},"12":{"start":{"line":13,"column":0},"end":{"line":13,"column":2}}},"s":{"0":0,"1":0,"2":0,"3":0,"4":0,"6":0,"7":0,"8":0,"9":0,"10":0,"11":0,"12":0},"branchMap":{"0":{"type":"branch","line":1,"loc":{"start":{"line":1,"column":356},"end":{"line":13,"column":2}},"locations":[{"start":{"line":1,"column":356},"end":{"line":13,"column":2}}]}},"b":{"0":[0]},"fnMap":{"0":{"name":"(empty-report)","decl":{"start":{"line":1,"column":356},"end":{"line":13,"column":2}},"loc":{"start":{"line":1,"column":356},"end":{"line":13,"column":2}},"line":1}},"f":{"0":0}}
,"/Users/frrrolova/Projects/REACT-2024-Q3/src/types.ts": {"path":"/Users/frrrolova/Projects/REACT-2024-Q3/src/types.ts","all":true,"statementMap":{},"s":{},"branchMap":{"0":{"type":"branch","line":1,"loc":{"start":{"line":1,"column":361},"end":{"line":22,"column":62}},"locations":[{"start":{"line":1,"column":361},"end":{"line":22,"column":62}}]}},"b":{"0":[1]},"fnMap":{"0":{"name":"(empty-report)","decl":{"start":{"line":1,"column":361},"end":{"line":22,"column":62}},"loc":{"start":{"line":1,"column":361},"end":{"line":22,"column":62}},"line":1}},"f":{"0":1}}
,"/Users/frrrolova/Projects/REACT-2024-Q3/src/components/Card/Card.tsx": {"path":"/Users/frrrolova/Projects/REACT-2024-Q3/src/components/Card/Card.tsx","all":false,"statementMap":{"0":{"start":{"line":1,"column":0},"end":{"line":1,"column":40}},"2":{"start":{"line":3,"column":0},"end":{"line":3,"column":81}},"3":{"start":{"line":4,"column":0},"end":{"line":4,"column":47}},"4":{"start":{"line":5,"column":0},"end":{"line":5,"column":95}},"5":{"start":{"line":6,"column":0},"end":{"line":6,"column":44}},"12":{"start":{"line":13,"column":0},"end":{"line":13,"column":51}},"13":{"start":{"line":14,"column":0},"end":{"line":14,"column":33}},"14":{"start":{"line":15,"column":0},"end":{"line":15,"column":36}},"15":{"start":{"line":16,"column":0},"end":{"line":16,"column":58}},"17":{"start":{"line":18,"column":0},"end":{"line":18,"column":106}},"19":{"start":{"line":20,"column":0},"end":{"line":20,"column":30}},"20":{"start":{"line":21,"column":0},"end":{"line":21,"column":32}},"21":{"start":{"line":22,"column":0},"end":{"line":22,"column":27}},"22":{"start":{"line":23,"column":0},"end":{"line":23,"column":19}},"23":{"start":{"line":24,"column":0},"end":{"line":24,"column":40}},"24":{"start":{"line":25,"column":0},"end":{"line":25,"column":12}},"25":{"start":{"line":26,"column":0},"end":{"line":26,"column":42}},"26":{"start":{"line":27,"column":0},"end":{"line":27,"column":5}},"27":{"start":{"line":28,"column":0},"end":{"line":28,"column":4}},"29":{"start":{"line":30,"column":0},"end":{"line":30,"column":19}},"30":{"start":{"line":31,"column":0},"end":{"line":31,"column":78}},"31":{"start":{"line":32,"column":0},"end":{"line":32,"column":27}},"33":{"start":{"line":34,"column":0},"end":{"line":34,"column":10}},"34":{"start":{"line":35,"column":0},"end":{"line":35,"column":7}},"35":{"start":{"line":36,"column":0},"end":{"line":36,"column":29}},"36":{"start":{"line":37,"column":0},"end":{"line":37,"column":22}},"37":{"start":{"line":38,"column":0},"end":{"line":38,"column":31}},"38":{"start":{"line":39,"column":0},"end":{"line":39,"column":8}},"39":{"start":{"line":40,"column":0},"end":{"line":40,"column":24}},"40":{"start":{"line":41,"column":0},"end":{"line":41,"column":45}},"42":{"start":{"line":43,"column":0},"end":{"line":43,"column":34}},"43":{"start":{"line":44,"column":0},"end":{"line":44,"column":38}},"44":{"start":{"line":45,"column":0},"end":{"line":45,"column":12}},"45":{"start":{"line":46,"column":0},"end":{"line":46,"column":42}},"46":{"start":{"line":47,"column":0},"end":{"line":47,"column":62}},"47":{"start":{"line":48,"column":0},"end":{"line":48,"column":16}},"48":{"start":{"line":49,"column":0},"end":{"line":49,"column":13}},"49":{"start":{"line":50,"column":0},"end":{"line":50,"column":14}},"50":{"start":{"line":51,"column":0},"end":{"line":51,"column":48}},"51":{"start":{"line":52,"column":0},"end":{"line":52,"column":25}},"52":{"start":{"line":53,"column":0},"end":{"line":53,"column":32}},"53":{"start":{"line":54,"column":0},"end":{"line":54,"column":27}},"54":{"start":{"line":55,"column":0},"end":{"line":55,"column":32}},"55":{"start":{"line":56,"column":0},"end":{"line":56,"column":12}},"56":{"start":{"line":57,"column":0},"end":{"line":57,"column":29}},"57":{"start":{"line":58,"column":0},"end":{"line":58,"column":33}},"58":{"start":{"line":59,"column":0},"end":{"line":59,"column":10}},"59":{"start":{"line":60,"column":0},"end":{"line":60,"column":12}},"60":{"start":{"line":61,"column":0},"end":{"line":61,"column":9}},"62":{"start":{"line":63,"column":0},"end":{"line":63,"column":1}},"64":{"start":{"line":65,"column":0},"end":{"line":65,"column":20}}},"s":{"0":1,"2":1,"3":1,"4":1,"5":1,"12":31,"13":31,"14":31,"15":31,"17":31,"19":31,"20":0,"21":0,"22":0,"23":0,"24":0,"25":0,"26":0,"27":0,"29":31,"30":13,"31":31,"33":31,"34":31,"35":31,"36":31,"37":4,"38":4,"39":31,"40":31,"42":31,"43":31,"44":31,"45":31,"46":31,"47":31,"48":31,"49":31,"50":31,"51":31,"52":31,"53":31,"54":0,"55":0,"56":31,"57":31,"58":31,"59":31,"60":31,"62":31,"64":1},"branchMap":{"0":{"type":"branch","line":13,"loc":{"start":{"line":13,"column":0},"end":{"line":63,"column":1}},"locations":[{"start":{"line":13,"column":0},"end":{"line":63,"column":1}}]},"1":{"type":"branch","line":30,"loc":{"start":{"line":30,"column":12},"end":{"line":32,"column":5}},"locations":[{"start":{"line":30,"column":12},"end":{"line":32,"column":5}}]},"2":{"type":"branch","line":37,"loc":{"start":{"line":37,"column":15},"end":{"line":39,"column":8}},"locations":[{"start":{"line":37,"column":15},"end":{"line":39,"column":8}}]}},"b":{"0":[31],"1":[13],"2":[4]},"fnMap":{"0":{"name":"Card","decl":{"start":{"line":13,"column":0},"end":{"line":63,"column":1}},"loc":{"start":{"line":13,"column":0},"end":{"line":63,"column":1}},"line":13},"1":{"name":"checkHandler","decl":{"start":{"line":20,"column":23},"end":{"line":28,"column":4}},"loc":{"start":{"line":20,"column":23},"end":{"line":28,"column":4}},"line":20},"2":{"name":"onClick","decl":{"start":{"line":37,"column":15},"end":{"line":39,"column":8}},"loc":{"start":{"line":37,"column":15},"end":{"line":39,"column":8}},"line":37},"3":{"name":"onClick","decl":{"start":{"line":54,"column":19},"end":{"line":56,"column":12}},"loc":{"start":{"line":54,"column":19},"end":{"line":56,"column":12}},"line":54}},"f":{"0":31,"1":0,"2":4,"3":0}}
,"/Users/frrrolova/Projects/REACT-2024-Q3/src/components/Content/Content.tsx": {"path":"/Users/frrrolova/Projects/REACT-2024-Q3/src/components/Content/Content.tsx","all":false,"statementMap":{"0":{"start":{"line":1,"column":0},"end":{"line":1,"column":36}},"1":{"start":{"line":2,"column":0},"end":{"line":2,"column":32}},"2":{"start":{"line":3,"column":0},"end":{"line":3,"column":43}},"3":{"start":{"line":4,"column":0},"end":{"line":4,"column":43}},"4":{"start":{"line":5,"column":0},"end":{"line":5,"column":38}},"5":{"start":{"line":6,"column":0},"end":{"line":6,"column":51}},"6":{"start":{"line":7,"column":0},"end":{"line":7,"column":57}},"7":{"start":{"line":8,"column":0},"end":{"line":8,"column":53}},"8":{"start":{"line":9,"column":0},"end":{"line":9,"column":104}},"17":{"start":{"line":18,"column":0},"end":{"line":18,"column":96}},"18":{"start":{"line":19,"column":0},"end":{"line":19,"column":43}},"19":{"start":{"line":20,"column":0},"end":{"line":20,"column":62}},"21":{"start":{"line":22,"column":0},"end":{"line":22,"column":10}},"22":{"start":{"line":23,"column":0},"end":{"line":23,"column":104}},"23":{"start":{"line":24,"column":0},"end":{"line":24,"column":35}},"24":{"start":{"line":25,"column":0},"end":{"line":25,"column":99}},"25":{"start":{"line":26,"column":0},"end":{"line":26,"column":11}},"27":{"start":{"line":28,"column":0},"end":{"line":28,"column":33}},"28":{"start":{"line":29,"column":0},"end":{"line":29,"column":46}},"29":{"start":{"line":30,"column":0},"end":{"line":30,"column":69}},"30":{"start":{"line":31,"column":0},"end":{"line":31,"column":14}},"33":{"start":{"line":34,"column":0},"end":{"line":34,"column":59}},"34":{"start":{"line":35,"column":0},"end":{"line":35,"column":117}},"35":{"start":{"line":36,"column":0},"end":{"line":36,"column":45}},"36":{"start":{"line":37,"column":0},"end":{"line":37,"column":28}},"37":{"start":{"line":38,"column":0},"end":{"line":38,"column":92}},"38":{"start":{"line":39,"column":0},"end":{"line":39,"column":11}},"39":{"start":{"line":40,"column":0},"end":{"line":40,"column":11}},"40":{"start":{"line":41,"column":0},"end":{"line":41,"column":11}},"42":{"start":{"line":43,"column":0},"end":{"line":43,"column":16}},"43":{"start":{"line":44,"column":0},"end":{"line":44,"column":10}},"45":{"start":{"line":46,"column":0},"end":{"line":46,"column":1}},"47":{"start":{"line":48,"column":0},"end":{"line":48,"column":23}}},"s":{"0":1,"1":1,"2":1,"3":1,"4":1,"5":1,"6":1,"7":1,"8":1,"17":33,"18":33,"19":33,"21":33,"22":33,"23":33,"24":33,"25":33,"27":33,"28":17,"29":17,"30":17,"33":33,"34":33,"35":33,"36":23,"37":23,"38":23,"39":33,"40":33,"42":33,"43":33,"45":33,"47":1},"branchMap":{"0":{"type":"branch","line":18,"loc":{"start":{"line":18,"column":0},"end":{"line":46,"column":1}},"locations":[{"start":{"line":18,"column":0},"end":{"line":46,"column":1}}]},"1":{"type":"branch","line":23,"loc":{"start":{"line":23,"column":80},"end":{"line":23,"column":98}},"locations":[{"start":{"line":23,"column":80},"end":{"line":23,"column":98}}]},"2":{"type":"branch","line":23,"loc":{"start":{"line":23,"column":91},"end":{"line":23,"column":100}},"locations":[{"start":{"line":23,"column":91},"end":{"line":23,"column":100}}]},"3":{"type":"branch","line":28,"loc":{"start":{"line":28,"column":18},"end":{"line":31,"column":14}},"locations":[{"start":{"line":28,"column":18},"end":{"line":31,"column":14}}]},"4":{"type":"branch","line":35,"loc":{"start":{"line":35,"column":9},"end":{"line":35,"column":117}},"locations":[{"start":{"line":35,"column":9},"end":{"line":35,"column":117}}]},"5":{"type":"branch","line":36,"loc":{"start":{"line":36,"column":21},"end":{"line":40,"column":9}},"locations":[{"start":{"line":36,"column":21},"end":{"line":40,"column":9}}]}},"b":{"0":[33],"1":[3],"2":[29],"3":[17],"4":[21],"5":[23]},"fnMap":{"0":{"name":"Content","decl":{"start":{"line":18,"column":0},"end":{"line":46,"column":1}},"loc":{"start":{"line":18,"column":0},"end":{"line":46,"column":1}},"line":18}},"f":{"0":33}}
,"/Users/frrrolova/Projects/REACT-2024-Q3/src/components/Content/constants.ts": {"path":"/Users/frrrolova/Projects/REACT-2024-Q3/src/components/Content/constants.ts","all":false,"statementMap":{"0":{"start":{"line":1,"column":0},"end":{"line":1,"column":39}},"1":{"start":{"line":2,"column":0},"end":{"line":2,"column":19}},"2":{"start":{"line":3,"column":0},"end":{"line":3,"column":34}},"3":{"start":{"line":4,"column":0},"end":{"line":4,"column":2}}},"s":{"0":1,"1":1,"2":1,"3":1},"branchMap":{},"b":{},"fnMap":{},"f":{}}
,"/Users/frrrolova/Projects/REACT-2024-Q3/src/components/Details/Details.tsx": {"path":"/Users/frrrolova/Projects/REACT-2024-Q3/src/components/Details/Details.tsx","all":false,"statementMap":{"0":{"start":{"line":1,"column":0},"end":{"line":1,"column":70}},"1":{"start":{"line":2,"column":0},"end":{"line":2,"column":43}},"2":{"start":{"line":3,"column":0},"end":{"line":3,"column":51}},"3":{"start":{"line":4,"column":0},"end":{"line":4,"column":42}},"5":{"start":{"line":6,"column":0},"end":{"line":6,"column":57}},"6":{"start":{"line":7,"column":0},"end":{"line":7,"column":42}},"7":{"start":{"line":8,"column":0},"end":{"line":8,"column":53}},"8":{"start":{"line":9,"column":0},"end":{"line":9,"column":73}},"10":{"start":{"line":11,"column":0},"end":{"line":11,"column":20}},"11":{"start":{"line":12,"column":0},"end":{"line":12,"column":60}},"13":{"start":{"line":14,"column":0},"end":{"line":14,"column":118}},"15":{"start":{"line":16,"column":0},"end":{"line":16,"column":50}},"17":{"start":{"line":18,"column":0},"end":{"line":18,"column":53}},"18":{"start":{"line":19,"column":0},"end":{"line":19,"column":8}},"19":{"start":{"line":20,"column":0},"end":{"line":20,"column":27}},"20":{"start":{"line":21,"column":0},"end":{"line":21,"column":59}},"21":{"start":{"line":22,"column":0},"end":{"line":22,"column":78}},"22":{"start":{"line":23,"column":0},"end":{"line":23,"column":7}},"23":{"start":{"line":24,"column":0},"end":{"line":24,"column":92}},"24":{"start":{"line":25,"column":0},"end":{"line":25,"column":5}},"25":{"start":{"line":26,"column":0},"end":{"line":26,"column":4}},"27":{"start":{"line":28,"column":0},"end":{"line":28,"column":19}},"28":{"start":{"line":29,"column":0},"end":{"line":29,"column":65}},"29":{"start":{"line":30,"column":0},"end":{"line":30,"column":18}},"30":{"start":{"line":31,"column":0},"end":{"line":31,"column":70}},"31":{"start":{"line":32,"column":0},"end":{"line":32,"column":6}},"32":{"start":{"line":33,"column":0},"end":{"line":33,"column":9}},"34":{"start":{"line":35,"column":0},"end":{"line":35,"column":10}},"35":{"start":{"line":36,"column":0},"end":{"line":36,"column":75}},"36":{"start":{"line":37,"column":0},"end":{"line":37,"column":13}},"37":{"start":{"line":38,"column":0},"end":{"line":38,"column":35}},"38":{"start":{"line":39,"column":0},"end":{"line":39,"column":24}},"39":{"start":{"line":40,"column":0},"end":{"line":40,"column":96}},"40":{"start":{"line":41,"column":0},"end":{"line":41,"column":10}},"41":{"start":{"line":42,"column":0},"end":{"line":42,"column":35}},"43":{"start":{"line":44,"column":0},"end":{"line":44,"column":12}},"44":{"start":{"line":45,"column":0},"end":{"line":45,"column":23}},"45":{"start":{"line":46,"column":0},"end":{"line":46,"column":22}},"46":{"start":{"line":47,"column":0},"end":{"line":47,"column":44}},"47":{"start":{"line":48,"column":0},"end":{"line":48,"column":31}},"48":{"start":{"line":49,"column":0},"end":{"line":49,"column":34}},"50":{"start":{"line":51,"column":0},"end":{"line":51,"column":187}},"51":{"start":{"line":52,"column":0},"end":{"line":52,"column":14}},"52":{"start":{"line":53,"column":0},"end":{"line":53,"column":15}},"54":{"start":{"line":55,"column":0},"end":{"line":55,"column":32}},"55":{"start":{"line":56,"column":0},"end":{"line":56,"column":75}},"56":{"start":{"line":57,"column":0},"end":{"line":57,"column":80}},"57":{"start":{"line":58,"column":0},"end":{"line":58,"column":37}},"58":{"start":{"line":59,"column":0},"end":{"line":59,"column":16}},"59":{"start":{"line":60,"column":0},"end":{"line":60,"column":14}},"62":{"start":{"line":63,"column":0},"end":{"line":63,"column":19}},"63":{"start":{"line":64,"column":0},"end":{"line":64,"column":46}},"64":{"start":{"line":65,"column":0},"end":{"line":65,"column":60}},"65":{"start":{"line":66,"column":0},"end":{"line":66,"column":14}},"68":{"start":{"line":69,"column":0},"end":{"line":69,"column":21}},"69":{"start":{"line":70,"column":0},"end":{"line":70,"column":13}},"70":{"start":{"line":71,"column":0},"end":{"line":71,"column":38}},"71":{"start":{"line":72,"column":0},"end":{"line":72,"column":62}},"72":{"start":{"line":73,"column":0},"end":{"line":73,"column":16}},"73":{"start":{"line":74,"column":0},"end":{"line":74,"column":42}},"74":{"start":{"line":75,"column":0},"end":{"line":75,"column":69}},"75":{"start":{"line":76,"column":0},"end":{"line":76,"column":30}},"76":{"start":{"line":77,"column":0},"end":{"line":77,"column":17}},"77":{"start":{"line":78,"column":0},"end":{"line":78,"column":39}},"78":{"start":{"line":79,"column":0},"end":{"line":79,"column":68}},"79":{"start":{"line":80,"column":0},"end":{"line":80,"column":76}},"80":{"start":{"line":81,"column":0},"end":{"line":81,"column":16}},"81":{"start":{"line":82,"column":0},"end":{"line":82,"column":39}},"82":{"start":{"line":83,"column":0},"end":{"line":83,"column":67}},"83":{"start":{"line":84,"column":0},"end":{"line":84,"column":74}},"84":{"start":{"line":85,"column":0},"end":{"line":85,"column":16}},"85":{"start":{"line":86,"column":0},"end":{"line":86,"column":41}},"86":{"start":{"line":87,"column":0},"end":{"line":87,"column":41}},"87":{"start":{"line":88,"column":0},"end":{"line":88,"column":67}},"88":{"start":{"line":89,"column":0},"end":{"line":89,"column":72}},"89":{"start":{"line":90,"column":0},"end":{"line":90,"column":18}},"91":{"start":{"line":92,"column":0},"end":{"line":92,"column":50}},"92":{"start":{"line":93,"column":0},"end":{"line":93,"column":41}},"93":{"start":{"line":94,"column":0},"end":{"line":94,"column":71}},"94":{"start":{"line":95,"column":0},"end":{"line":95,"column":85}},"95":{"start":{"line":96,"column":0},"end":{"line":96,"column":18}},"97":{"start":{"line":98,"column":0},"end":{"line":98,"column":39}},"98":{"start":{"line":99,"column":0},"end":{"line":99,"column":67}},"99":{"start":{"line":100,"column":0},"end":{"line":100,"column":74}},"100":{"start":{"line":101,"column":0},"end":{"line":101,"column":16}},"101":{"start":{"line":102,"column":0},"end":{"line":102,"column":16}},"102":{"start":{"line":103,"column":0},"end":{"line":103,"column":14}},"104":{"start":{"line":105,"column":0},"end":{"line":105,"column":10}},"106":{"start":{"line":107,"column":0},"end":{"line":107,"column":1}},"108":{"start":{"line":109,"column":0},"end":{"line":109,"column":23}}},"s":{"0":1,"1":1,"2":1,"3":1,"5":1,"6":1,"7":1,"8":1,"10":15,"11":15,"13":15,"15":15,"17":15,"18":2,"19":2,"20":2,"21":0,"22":2,"23":0,"24":0,"25":2,"27":15,"28":6,"29":6,"30":6,"31":6,"32":15,"34":15,"35":15,"36":15,"37":15,"38":15,"39":2,"40":2,"41":15,"43":15,"44":15,"45":15,"46":15,"47":15,"48":15,"50":15,"51":15,"52":15,"54":15,"55":12,"56":12,"57":12,"58":12,"59":12,"62":15,"63":0,"64":0,"65":0,"68":15,"69":3,"70":3,"71":3,"72":3,"73":3,"74":3,"75":3,"76":3,"77":3,"78":3,"79":3,"80":3,"81":3,"82":3,"83":3,"84":3,"85":3,"86":3,"87":3,"88":3,"89":3,"91":3,"92":3,"93":3,"94":3,"95":3,"97":3,"98":3,"99":3,"100":3,"101":3,"102":3,"104":15,"106":15,"108":1},"branchMap":{"0":{"type":"branch","line":11,"loc":{"start":{"line":11,"column":0},"end":{"line":107,"column":1}},"locations":[{"start":{"line":11,"column":0},"end":{"line":107,"column":1}}]},"1":{"type":"branch","line":14,"loc":{"start":{"line":14,"column":109},"end":{"line":14,"column":116}},"locations":[{"start":{"line":14,"column":109},"end":{"line":14,"column":116}}]},"2":{"type":"branch","line":55,"loc":{"start":{"line":55,"column":18},"end":{"line":60,"column":14}},"locations":[{"start":{"line":55,"column":18},"end":{"line":60,"column":14}}]},"3":{"type":"branch","line":63,"loc":{"start":{"line":63,"column":7},"end":{"line":66,"column":14}},"locations":[{"start":{"line":63,"column":7},"end":{"line":66,"column":14}}]},"4":{"type":"branch","line":69,"loc":{"start":{"line":69,"column":7},"end":{"line":103,"column":14}},"locations":[{"start":{"line":69,"column":7},"end":{"line":103,"column":14}}]},"5":{"type":"branch","line":18,"loc":{"start":{"line":18,"column":29},"end":{"line":26,"column":4}},"locations":[{"start":{"line":18,"column":29},"end":{"line":26,"column":4}}]},"6":{"type":"branch","line":21,"loc":{"start":{"line":21,"column":55},"end":{"line":22,"column":78}},"locations":[{"start":{"line":21,"column":55},"end":{"line":22,"column":78}}]},"7":{"type":"branch","line":23,"loc":{"start":{"line":23,"column":6},"end":{"line":25,"column":5}},"locations":[{"start":{"line":23,"column":6},"end":{"line":25,"column":5}}]},"8":{"type":"branch","line":28,"loc":{"start":{"line":28,"column":12},"end":{"line":33,"column":5}},"locations":[{"start":{"line":28,"column":12},"end":{"line":33,"column":5}}]},"9":{"type":"branch","line":30,"loc":{"start":{"line":30,"column":11},"end":{"line":32,"column":6}},"locations":[{"start":{"line":30,"column":11},"end":{"line":32,"column":6}}]},"10":{"type":"branch","line":39,"loc":{"start":{"line":39,"column":17},"end":{"line":41,"column":10}},"locations":[{"start":{"line":39,"column":17},"end":{"line":41,"column":10}}]},"11":{"type":"branch","line":40,"loc":{"start":{"line":40,"column":68},"end":{"line":40,"column":93}},"locations":[{"start":{"line":40,"column":68},"end":{"line":40,"column":93}}]}},"b":{"0":[15],"1":[0],"2":[12],"3":[0],"4":[3],"5":[2],"6":[0],"7":[0],"8":[6],"9":[6],"10":[2],"11":[1]},"fnMap":{"0":{"name":"Details","decl":{"start":{"line":11,"column":0},"end":{"line":107,"column":1}},"loc":{"start":{"line":11,"column":0},"end":{"line":107,"column":1}},"line":11},"1":{"name":"handleClickOutside","decl":{"start":{"line":18,"column":29},"end":{"line":26,"column":4}},"loc":{"start":{"line":18,"column":29},"end":{"line":26,"column":4}},"line":18},"2":{"name":"onClick","decl":{"start":{"line":39,"column":17},"end":{"line":41,"column":10}},"loc":{"start":{"line":39,"column":17},"end":{"line":41,"column":10}},"line":39}},"f":{"0":15,"1":2,"2":2}}
,"/Users/frrrolova/Projects/REACT-2024-Q3/src/components/Details/constants.ts": {"path":"/Users/frrrolova/Projects/REACT-2024-Q3/src/components/Details/constants.ts","all":false,"statementMap":{"0":{"start":{"line":1,"column":0},"end":{"line":1,"column":39}},"1":{"start":{"line":2,"column":0},"end":{"line":2,"column":37}},"2":{"start":{"line":3,"column":0},"end":{"line":3,"column":2}}},"s":{"0":1,"1":1,"2":1},"branchMap":{},"b":{},"fnMap":{},"f":{}}
,"/Users/frrrolova/Projects/REACT-2024-Q3/src/components/ErrorBoundary/ErrorBoundary.tsx": {"path":"/Users/frrrolova/Projects/REACT-2024-Q3/src/components/ErrorBoundary/ErrorBoundary.tsx","all":false,"statementMap":{"0":{"start":{"line":1,"column":0},"end":{"line":1,"column":60}},"1":{"start":{"line":2,"column":0},"end":{"line":2,"column":49}},"3":{"start":{"line":4,"column":0},"end":{"line":4,"column":87}},"4":{"start":{"line":5,"column":0},"end":{"line":5,"column":41}},"5":{"start":{"line":6,"column":0},"end":{"line":6,"column":17}},"6":{"start":{"line":7,"column":0},"end":{"line":7,"column":37}},"7":{"start":{"line":8,"column":0},"end":{"line":8,"column":3}},"9":{"start":{"line":10,"column":0},"end":{"line":10,"column":37}},"10":{"start":{"line":11,"column":0},"end":{"line":11,"column":30}},"11":{"start":{"line":12,"column":0},"end":{"line":12,"column":3}},"13":{"start":{"line":14,"column":0},"end":{"line":14,"column":57}},"14":{"start":{"line":15,"column":0},"end":{"line":15,"column":34}},"15":{"start":{"line":16,"column":0},"end":{"line":16,"column":3}},"17":{"start":{"line":18,"column":0},"end":{"line":18,"column":12}},"18":{"start":{"line":19,"column":0},"end":{"line":19,"column":30}},"19":{"start":{"line":20,"column":0},"end":{"line":20,"column":14}},"20":{"start":{"line":21,"column":0},"end":{"line":21,"column":42}},"21":{"start":{"line":22,"column":0},"end":{"line":22,"column":42}},"22":{"start":{"line":23,"column":0},"end":{"line":23,"column":67}},"23":{"start":{"line":24,"column":0},"end":{"line":24,"column":17}},"24":{"start":{"line":25,"column":0},"end":{"line":25,"column":21}},"25":{"start":{"line":26,"column":0},"end":{"line":26,"column":38}},"26":{"start":{"line":27,"column":0},"end":{"line":27,"column":32}},"27":{"start":{"line":28,"column":0},"end":{"line":28,"column":76}},"28":{"start":{"line":29,"column":0},"end":{"line":29,"column":18}},"29":{"start":{"line":30,"column":0},"end":{"line":30,"column":15}},"31":{"start":{"line":32,"column":0},"end":{"line":32,"column":23}},"32":{"start":{"line":33,"column":0},"end":{"line":33,"column":18}},"33":{"start":{"line":34,"column":0},"end":{"line":34,"column":16}},"34":{"start":{"line":35,"column":0},"end":{"line":35,"column":14}},"36":{"start":{"line":37,"column":0},"end":{"line":37,"column":5}},"38":{"start":{"line":39,"column":0},"end":{"line":39,"column":31}},"39":{"start":{"line":40,"column":0},"end":{"line":40,"column":3}},"40":{"start":{"line":41,"column":0},"end":{"line":41,"column":1}},"42":{"start":{"line":43,"column":0},"end":{"line":43,"column":29}}},"s":{"0":1,"1":1,"3":1,"4":1,"5":6,"6":6,"7":6,"9":1,"10":0,"11":0,"13":1,"14":0,"15":0,"17":1,"18":6,"19":0,"20":0,"21":0,"22":0,"23":0,"24":0,"25":0,"26":0,"27":0,"28":0,"29":0,"31":0,"32":0,"33":0,"34":0,"36":0,"38":6,"39":6,"40":1,"42":1},"branchMap":{"0":{"type":"branch","line":5,"loc":{"start":{"line":5,"column":2},"end":{"line":8,"column":3}},"locations":[{"start":{"line":5,"column":2},"end":{"line":8,"column":3}}]},"1":{"type":"branch","line":18,"loc":{"start":{"line":18,"column":2},"end":{"line":40,"column":3}},"locations":[{"start":{"line":18,"column":2},"end":{"line":40,"column":3}}]},"2":{"type":"branch","line":19,"loc":{"start":{"line":19,"column":29},"end":{"line":37,"column":5}},"locations":[{"start":{"line":19,"column":29},"end":{"line":37,"column":5}}]}},"b":{"0":[6],"1":[6],"2":[0]},"fnMap":{"0":{"name":"ErrorBoundary","decl":{"start":{"line":5,"column":2},"end":{"line":8,"column":3}},"loc":{"start":{"line":5,"column":2},"end":{"line":8,"column":3}},"line":5},"1":{"name":"getDerivedStateFromError","decl":{"start":{"line":10,"column":9},"end":{"line":12,"column":3}},"loc":{"start":{"line":10,"column":9},"end":{"line":12,"column":3}},"line":10},"2":{"name":"componentDidCatch","decl":{"start":{"line":14,"column":2},"end":{"line":16,"column":3}},"loc":{"start":{"line":14,"column":2},"end":{"line":16,"column":3}},"line":14},"3":{"name":"render","decl":{"start":{"line":18,"column":2},"end":{"line":40,"column":3}},"loc":{"start":{"line":18,"column":2},"end":{"line":40,"column":3}},"line":18},"4":{"name":"onClick","decl":{"start":{"line":27,"column":25},"end":{"line":29,"column":18}},"loc":{"start":{"line":27,"column":25},"end":{"line":29,"column":18}},"line":27}},"f":{"0":6,"1":0,"2":0,"3":6,"4":0}}
,"/Users/frrrolova/Projects/REACT-2024-Q3/src/components/ErrorBoundaryLayout/ErrorBoundaryLayout.tsx": {"path":"/Users/frrrolova/Projects/REACT-2024-Q3/src/components/ErrorBoundaryLayout/ErrorBoundaryLayout.tsx","all":false,"statementMap":{"0":{"start":{"line":1,"column":0},"end":{"line":1,"column":42}},"1":{"start":{"line":2,"column":0},"end":{"line":2,"column":59}},"3":{"start":{"line":4,"column":0},"end":{"line":4,"column":39}},"4":{"start":{"line":5,"column":0},"end":{"line":5,"column":10}},"5":{"start":{"line":6,"column":0},"end":{"line":6,"column":19}},"6":{"start":{"line":7,"column":0},"end":{"line":7,"column":16}},"7":{"start":{"line":8,"column":0},"end":{"line":8,"column":20}},"9":{"start":{"line":10,"column":0},"end":{"line":10,"column":1}}},"s":{"0":1,"1":1,"3":1,"4":5,"5":5,"6":5,"7":5,"9":5},"branchMap":{"0":{"type":"branch","line":4,"loc":{"start":{"line":4,"column":7},"end":{"line":10,"column":1}},"locations":[{"start":{"line":4,"column":7},"end":{"line":10,"column":1}}]}},"b":{"0":[5]},"fnMap":{"0":{"name":"ErrorBoundaryLayout","decl":{"start":{"line":4,"column":7},"end":{"line":10,"column":1}},"loc":{"start":{"line":4,"column":7},"end":{"line":10,"column":1}},"line":4}},"f":{"0":5}}
,"/Users/frrrolova/Projects/REACT-2024-Q3/src/components/FlyOut/FlyOut.tsx": {"path":"/Users/frrrolova/Projects/REACT-2024-Q3/src/components/FlyOut/FlyOut.tsx","all":false,"statementMap":{"0":{"start":{"line":1,"column":0},"end":{"line":1,"column":42}},"2":{"start":{"line":3,"column":0},"end":{"line":3,"column":81}},"4":{"start":{"line":5,"column":0},"end":{"line":5,"column":47}},"5":{"start":{"line":6,"column":0},"end":{"line":6,"column":72}},"6":{"start":{"line":7,"column":0},"end":{"line":7,"column":53}},"8":{"start":{"line":9,"column":0},"end":{"line":9,"column":19}},"9":{"start":{"line":10,"column":0},"end":{"line":10,"column":58}},"10":{"start":{"line":11,"column":0},"end":{"line":11,"column":36}},"12":{"start":{"line":13,"column":0},"end":{"line":13,"column":35}},"13":{"start":{"line":14,"column":0},"end":{"line":14,"column":14}},"14":{"start":{"line":15,"column":0},"end":{"line":15,"column":3}},"16":{"start":{"line":17,"column":0},"end":{"line":17,"column":40}},"17":{"start":{"line":18,"column":0},"end":{"line":18,"column":28}},"18":{"start":{"line":19,"column":0},"end":{"line":19,"column":4}},"20":{"start":{"line":21,"column":0},"end":{"line":21,"column":32}},"21":{"start":{"line":22,"column":0},"end":{"line":22,"column":36}},"22":{"start":{"line":23,"column":0},"end":{"line":23,"column":4}},"24":{"start":{"line":25,"column":0},"end":{"line":25,"column":10}},"25":{"start":{"line":26,"column":0},"end":{"line":26,"column":35}},"26":{"start":{"line":27,"column":0},"end":{"line":27,"column":45}},"27":{"start":{"line":28,"column":0},"end":{"line":28,"column":40}},"28":{"start":{"line":29,"column":0},"end":{"line":29,"column":98}},"29":{"start":{"line":30,"column":0},"end":{"line":30,"column":14}},"30":{"start":{"line":31,"column":0},"end":{"line":31,"column":13}},"31":{"start":{"line":32,"column":0},"end":{"line":32,"column":60}},"32":{"start":{"line":33,"column":0},"end":{"line":33,"column":72}},"33":{"start":{"line":34,"column":0},"end":{"line":34,"column":14}},"34":{"start":{"line":35,"column":0},"end":{"line":35,"column":12}},"35":{"start":{"line":36,"column":0},"end":{"line":36,"column":10}},"37":{"start":{"line":38,"column":0},"end":{"line":38,"column":1}},"39":{"start":{"line":40,"column":0},"end":{"line":40,"column":22}}},"s":{"0":1,"2":1,"4":1,"5":1,"6":1,"8":27,"9":27,"10":27,"12":27,"13":26,"14":26,"16":1,"17":0,"18":0,"20":1,"21":0,"22":0,"24":1,"25":1,"26":1,"27":1,"28":27,"29":27,"30":27,"31":27,"32":27,"33":27,"34":27,"35":27,"37":27,"39":1},"branchMap":{"0":{"type":"branch","line":9,"loc":{"start":{"line":9,"column":0},"end":{"line":38,"column":1}},"locations":[{"start":{"line":9,"column":0},"end":{"line":38,"column":1}}]},"1":{"type":"branch","line":13,"loc":{"start":{"line":13,"column":34},"end":{"line":29,"column":86}},"locations":[{"start":{"line":13,"column":34},"end":{"line":29,"column":86}}]},"2":{"type":"branch","line":15,"loc":{"start":{"line":15,"column":2},"end":{"line":29,"column":86}},"locations":[{"start":{"line":15,"column":2},"end":{"line":29,"column":86}}]},"3":{"type":"branch","line":29,"loc":{"start":{"line":29,"column":80},"end":{"line":29,"column":89}},"locations":[{"start":{"line":29,"column":80},"end":{"line":29,"column":89}}]}},"b":{"0":[27],"1":[26],"2":[1],"3":[0]},"fnMap":{"0":{"name":"FlyOut","decl":{"start":{"line":9,"column":0},"end":{"line":38,"column":1}},"loc":{"start":{"line":9,"column":0},"end":{"line":38,"column":1}},"line":9},"1":{"name":"handleUnselectAllClick","decl":{"start":{"line":17,"column":33},"end":{"line":19,"column":4}},"loc":{"start":{"line":17,"column":33},"end":{"line":19,"column":4}},"line":17},"2":{"name":"handleDownload","decl":{"start":{"line":21,"column":25},"end":{"line":23,"column":4}},"loc":{"start":{"line":21,"column":25},"end":{"line":23,"column":4}},"line":21}},"f":{"0":27,"1":0,"2":0}}
,"/Users/frrrolova/Projects/REACT-2024-Q3/src/components/Header/Header.tsx": {"path":"/Users/frrrolova/Projects/REACT-2024-Q3/src/components/Header/Header.tsx","all":false,"statementMap":{"0":{"start":{"line":1,"column":0},"end":{"line":1,"column":33}},"1":{"start":{"line":2,"column":0},"end":{"line":2,"column":37}},"2":{"start":{"line":3,"column":0},"end":{"line":3,"column":42}},"3":{"start":{"line":4,"column":0},"end":{"line":4,"column":59}},"9":{"start":{"line":10,"column":0},"end":{"line":10,"column":44}},"10":{"start":{"line":11,"column":0},"end":{"line":11,"column":62}},"12":{"start":{"line":13,"column":0},"end":{"line":13,"column":23}},"13":{"start":{"line":14,"column":0},"end":{"line":14,"column":35}},"14":{"start":{"line":15,"column":0},"end":{"line":15,"column":3}},"16":{"start":{"line":17,"column":0},"end":{"line":17,"column":10}},"17":{"start":{"line":18,"column":0},"end":{"line":18,"column":38}},"18":{"start":{"line":19,"column":0},"end":{"line":19,"column":35}},"19":{"start":{"line":20,"column":0},"end":{"line":20,"column":40}},"20":{"start":{"line":21,"column":0},"end":{"line":21,"column":12}},"21":{"start":{"line":22,"column":0},"end":{"line":22,"column":16}},"22":{"start":{"line":23,"column":0},"end":{"line":23,"column":38}},"23":{"start":{"line":24,"column":0},"end":{"line":24,"column":25}},"24":{"start":{"line":25,"column":0},"end":{"line":25,"column":15}},"25":{"start":{"line":26,"column":0},"end":{"line":26,"column":35}},"26":{"start":{"line":27,"column":0},"end":{"line":27,"column":26}},"27":{"start":{"line":28,"column":0},"end":{"line":28,"column":36}},"28":{"start":{"line":29,"column":0},"end":{"line":29,"column":12}},"29":{"start":{"line":30,"column":0},"end":{"line":30,"column":9}},"31":{"start":{"line":32,"column":0},"end":{"line":32,"column":17}},"32":{"start":{"line":33,"column":0},"end":{"line":33,"column":12}},"33":{"start":{"line":34,"column":0},"end":{"line":34,"column":13}},"35":{"start":{"line":36,"column":0},"end":{"line":36,"column":1}},"37":{"start":{"line":38,"column":0},"end":{"line":38,"column":22}}},"s":{"0":1,"1":1,"2":1,"3":1,"9":25,"10":25,"12":25,"13":0,"14":0,"16":25,"17":25,"18":25,"19":25,"20":25,"21":25,"22":25,"23":25,"24":25,"25":25,"26":25,"27":0,"28":0,"29":25,"31":25,"32":25,"33":25,"35":25,"37":1},"branchMap":{"0":{"type":"branch","line":10,"loc":{"start":{"line":10,"column":0},"end":{"line":36,"column":1}},"locations":[{"start":{"line":10,"column":0},"end":{"line":36,"column":1}}]},"1":{"type":"branch","line":13,"loc":{"start":{"line":13,"column":22},"end":{"line":15,"column":3}},"locations":[{"start":{"line":13,"column":22},"end":{"line":15,"column":3}}]}},"b":{"0":[25],"1":[0]},"fnMap":{"0":{"name":"Header","decl":{"start":{"line":10,"column":0},"end":{"line":36,"column":1}},"loc":{"start":{"line":10,"column":0},"end":{"line":36,"column":1}},"line":10},"1":{"name":"onClick","decl":{"start":{"line":27,"column":19},"end":{"line":29,"column":12}},"loc":{"start":{"line":27,"column":19},"end":{"line":29,"column":12}},"line":27}},"f":{"0":25,"1":0}}
,"/Users/frrrolova/Projects/REACT-2024-Q3/src/components/Pagination/Pagination.tsx": {"path":"/Users/frrrolova/Projects/REACT-2024-Q3/src/components/Pagination/Pagination.tsx","all":false,"statementMap":{"0":{"start":{"line":1,"column":0},"end":{"line":1,"column":46}},"9":{"start":{"line":10,"column":0},"end":{"line":10,"column":90}},"10":{"start":{"line":11,"column":0},"end":{"line":11,"column":27}},"12":{"start":{"line":13,"column":0},"end":{"line":13,"column":32}},"13":{"start":{"line":14,"column":0},"end":{"line":14,"column":21}},"14":{"start":{"line":15,"column":0},"end":{"line":15,"column":46}},"15":{"start":{"line":16,"column":0},"end":{"line":16,"column":48}},"16":{"start":{"line":17,"column":0},"end":{"line":17,"column":55}},"18":{"start":{"line":19,"column":0},"end":{"line":19,"column":41}},"19":{"start":{"line":20,"column":0},"end":{"line":20,"column":24}},"20":{"start":{"line":21,"column":0},"end":{"line":21,"column":61}},"21":{"start":{"line":22,"column":0},"end":{"line":22,"column":38}},"22":{"start":{"line":23,"column":0},"end":{"line":23,"column":52}},"23":{"start":{"line":24,"column":0},"end":{"line":24,"column":7}},"24":{"start":{"line":25,"column":0},"end":{"line":25,"column":5}},"26":{"start":{"line":27,"column":0},"end":{"line":27,"column":20}},"27":{"start":{"line":28,"column":0},"end":{"line":28,"column":20}},"28":{"start":{"line":29,"column":0},"end":{"line":29,"column":22}},"29":{"start":{"line":30,"column":0},"end":{"line":30,"column":26}},"30":{"start":{"line":31,"column":0},"end":{"line":31,"column":7}},"31":{"start":{"line":32,"column":0},"end":{"line":32,"column":5}},"33":{"start":{"line":34,"column":0},"end":{"line":34,"column":40}},"34":{"start":{"line":35,"column":0},"end":{"line":35,"column":20}},"35":{"start":{"line":36,"column":0},"end":{"line":36,"column":5}},"37":{"start":{"line":38,"column":0},"end":{"line":38,"column":27}},"38":{"start":{"line":39,"column":0},"end":{"line":39,"column":33}},"39":{"start":{"line":40,"column":0},"end":{"line":40,"column":26}},"40":{"start":{"line":41,"column":0},"end":{"line":41,"column":7}},"41":{"start":{"line":42,"column":0},"end":{"line":42,"column":29}},"42":{"start":{"line":43,"column":0},"end":{"line":43,"column":5}},"44":{"start":{"line":45,"column":0},"end":{"line":45,"column":17}},"45":{"start":{"line":46,"column":0},"end":{"line":46,"column":4}},"47":{"start":{"line":48,"column":0},"end":{"line":48,"column":41}},"48":{"start":{"line":49,"column":0},"end":{"line":49,"column":42}},"49":{"start":{"line":50,"column":0},"end":{"line":50,"column":25}},"50":{"start":{"line":51,"column":0},"end":{"line":51,"column":5}},"51":{"start":{"line":52,"column":0},"end":{"line":52,"column":4}},"53":{"start":{"line":54,"column":0},"end":{"line":54,"column":10}},"54":{"start":{"line":55,"column":0},"end":{"line":55,"column":36}},"55":{"start":{"line":56,"column":0},"end":{"line":56,"column":45}},"56":{"start":{"line":57,"column":0},"end":{"line":57,"column":15}},"57":{"start":{"line":58,"column":0},"end":{"line":58,"column":54}},"58":{"start":{"line":59,"column":0},"end":{"line":59,"column":38}},"59":{"start":{"line":60,"column":0},"end":{"line":60,"column":33}},"60":{"start":{"line":61,"column":0},"end":{"line":61,"column":28}},"62":{"start":{"line":63,"column":0},"end":{"line":63,"column":112}},"63":{"start":{"line":64,"column":0},"end":{"line":64,"column":75}},"64":{"start":{"line":65,"column":0},"end":{"line":65,"column":16}},"65":{"start":{"line":66,"column":0},"end":{"line":66,"column":17}},"66":{"start":{"line":67,"column":0},"end":{"line":67,"column":46}},"67":{"start":{"line":68,"column":0},"end":{"line":68,"column":38}},"68":{"start":{"line":69,"column":0},"end":{"line":69,"column":19}},"69":{"start":{"line":70,"column":0},"end":{"line":70,"column":25}},"70":{"start":{"line":71,"column":0},"end":{"line":71,"column":47}},"71":{"start":{"line":72,"column":0},"end":{"line":72,"column":87}},"72":{"start":{"line":73,"column":0},"end":{"line":73,"column":32}},"73":{"start":{"line":74,"column":0},"end":{"line":74,"column":52}},"75":{"start":{"line":76,"column":0},"end":{"line":76,"column":20}},"76":{"start":{"line":77,"column":0},"end":{"line":77,"column":21}},"78":{"start":{"line":79,"column":0},"end":{"line":79,"column":40}},"80":{"start":{"line":81,"column":0},"end":{"line":81,"column":10}},"81":{"start":{"line":82,"column":0},"end":{"line":82,"column":15}},"82":{"start":{"line":83,"column":0},"end":{"line":83,"column":54}},"83":{"start":{"line":84,"column":0},"end":{"line":84,"column":47}},"84":{"start":{"line":85,"column":0},"end":{"line":85,"column":33}},"85":{"start":{"line":86,"column":0},"end":{"line":86,"column":28}},"87":{"start":{"line":88,"column":0},"end":{"line":88,"column":110}},"88":{"start":{"line":89,"column":0},"end":{"line":89,"column":76}},"89":{"start":{"line":90,"column":0},"end":{"line":90,"column":16}},"90":{"start":{"line":91,"column":0},"end":{"line":91,"column":17}},"91":{"start":{"line":92,"column":0},"end":{"line":92,"column":12}},"92":{"start":{"line":93,"column":0},"end":{"line":93,"column":10}},"94":{"start":{"line":95,"column":0},"end":{"line":95,"column":1}},"96":{"start":{"line":97,"column":0},"end":{"line":97,"column":26}}},"s":{"0":1,"9":12,"10":12,"12":12,"13":12,"14":12,"15":12,"16":12,"18":12,"19":10,"20":10,"21":10,"22":0,"23":0,"24":10,"26":12,"27":0,"28":0,"29":0,"30":0,"31":0,"33":12,"34":36,"35":36,"37":12,"38":10,"39":10,"40":10,"41":10,"42":10,"44":12,"45":12,"47":12,"48":2,"49":2,"50":2,"51":2,"53":12,"54":12,"55":12,"56":12,"57":12,"58":12,"59":12,"60":12,"62":12,"63":12,"64":12,"65":12,"66":12,"67":56,"68":46,"69":46,"70":46,"71":46,"72":46,"73":46,"75":46,"76":46,"78":10,"80":12,"81":12,"82":12,"83":12,"84":12,"85":12,"87":12,"88":12,"89":12,"90":12,"91":12,"92":12,"94":12,"96":1},"branchMap":{"0":{"type":"branch","line":10,"loc":{"start":{"line":10,"column":0},"end":{"line":95,"column":1}},"locations":[{"start":{"line":10,"column":0},"end":{"line":95,"column":1}}]},"1":{"type":"branch","line":13,"loc":{"start":{"line":13,"column":25},"end":{"line":46,"column":4}},"locations":[{"start":{"line":13,"column":25},"end":{"line":46,"column":4}}]},"2":{"type":"branch","line":19,"loc":{"start":{"line":19,"column":40},"end":{"line":25,"column":5}},"locations":[{"start":{"line":19,"column":40},"end":{"line":25,"column":5}}]},"3":{"type":"branch","line":22,"loc":{"start":{"line":22,"column":6},"end":{"line":24,"column":7}},"locations":[{"start":{"line":22,"column":6},"end":{"line":24,"column":7}}]},"4":{"type":"branch","line":27,"loc":{"start":{"line":27,"column":19},"end":{"line":32,"column":5}},"locations":[{"start":{"line":27,"column":19},"end":{"line":32,"column":5}}]},"5":{"type":"branch","line":34,"loc":{"start":{"line":34,"column":39},"end":{"line":36,"column":5}},"locations":[{"start":{"line":34,"column":39},"end":{"line":36,"column":5}}]},"6":{"type":"branch","line":38,"loc":{"start":{"line":38,"column":26},"end":{"line":43,"column":5}},"locations":[{"start":{"line":38,"column":26},"end":{"line":43,"column":5}}]},"7":{"type":"branch","line":48,"loc":{"start":{"line":48,"column":22},"end":{"line":52,"column":4}},"locations":[{"start":{"line":48,"column":22},"end":{"line":52,"column":4}}]},"8":{"type":"branch","line":67,"loc":{"start":{"line":67,"column":30},"end":{"line":79,"column":40}},"locations":[{"start":{"line":67,"column":30},"end":{"line":79,"column":40}}]},"9":{"type":"branch","line":68,"loc":{"start":{"line":68,"column":26},"end":{"line":77,"column":21}},"locations":[{"start":{"line":68,"column":26},"end":{"line":77,"column":21}}]},"10":{"type":"branch","line":72,"loc":{"start":{"line":72,"column":52},"end":{"line":72,"column":82}},"locations":[{"start":{"line":72,"column":52},"end":{"line":72,"column":82}}]},"11":{"type":"branch","line":72,"loc":{"start":{"line":72,"column":73},"end":{"line":72,"column":84}},"locations":[{"start":{"line":72,"column":73},"end":{"line":72,"column":84}}]},"12":{"type":"branch","line":77,"loc":{"start":{"line":77,"column":12},"end":{"line":79,"column":40}},"locations":[{"start":{"line":77,"column":12},"end":{"line":79,"column":40}}]},"13":{"type":"branch","line":71,"loc":{"start":{"line":71,"column":23},"end":{"line":71,"column":47}},"locations":[{"start":{"line":71,"column":23},"end":{"line":71,"column":47}}]}},"b":{"0":[12],"1":[12],"2":[10],"3":[0],"4":[0],"5":[36],"6":[10],"7":[2],"8":[56],"9":[46],"10":[12],"11":[34],"12":[10],"13":[2]},"fnMap":{"0":{"name":"Pagination","decl":{"start":{"line":10,"column":0},"end":{"line":95,"column":1}},"loc":{"start":{"line":10,"column":0},"end":{"line":95,"column":1}},"line":10},"1":{"name":"getPageNumbers","decl":{"start":{"line":13,"column":25},"end":{"line":46,"column":4}},"loc":{"start":{"line":13,"column":25},"end":{"line":46,"column":4}},"line":13},"2":{"name":"handleClick","decl":{"start":{"line":48,"column":22},"end":{"line":52,"column":4}},"loc":{"start":{"line":48,"column":22},"end":{"line":52,"column":4}},"line":48},"3":{"name":"onClick","decl":{"start":{"line":58,"column":19},"end":{"line":58,"column":54}},"loc":{"start":{"line":58,"column":19},"end":{"line":58,"column":54}},"line":58},"4":{"name":"onClick","decl":{"start":{"line":71,"column":23},"end":{"line":71,"column":47}},"loc":{"start":{"line":71,"column":23},"end":{"line":71,"column":47}},"line":71},"5":{"name":"onClick","decl":{"start":{"line":83,"column":19},"end":{"line":83,"column":54}},"loc":{"start":{"line":83,"column":19},"end":{"line":83,"column":54}},"line":83}},"f":{"0":12,"1":12,"2":2,"3":0,"4":2,"5":0}}
,"/Users/frrrolova/Projects/REACT-2024-Q3/src/components/SearchInput/SearchInput.tsx": {"path":"/Users/frrrolova/Projects/REACT-2024-Q3/src/components/SearchInput/SearchInput.tsx","all":false,"statementMap":{"0":{"start":{"line":1,"column":0},"end":{"line":1,"column":31}},"1":{"start":{"line":2,"column":0},"end":{"line":2,"column":47}},"2":{"start":{"line":3,"column":0},"end":{"line":3,"column":37}},"3":{"start":{"line":4,"column":0},"end":{"line":4,"column":38}},"4":{"start":{"line":5,"column":0},"end":{"line":5,"column":104}},"11":{"start":{"line":12,"column":0},"end":{"line":12,"column":59}},"12":{"start":{"line":13,"column":0},"end":{"line":13,"column":50}},"13":{"start":{"line":14,"column":0},"end":{"line":14,"column":62}},"15":{"start":{"line":16,"column":0},"end":{"line":16,"column":48}},"17":{"start":{"line":18,"column":0},"end":{"line":18,"column":10}},"18":{"start":{"line":19,"column":0},"end":{"line":19,"column":9}},"19":{"start":{"line":20,"column":0},"end":{"line":20,"column":31}},"20":{"start":{"line":21,"column":0},"end":{"line":21,"column":24}},"21":{"start":{"line":22,"column":0},"end":{"line":22,"column":27}},"22":{"start":{"line":23,"column":0},"end":{"line":23,"column":78}},"23":{"start":{"line":24,"column":0},"end":{"line":24,"column":46}},"24":{"start":{"line":25,"column":0},"end":{"line":25,"column":59}},"25":{"start":{"line":26,"column":0},"end":{"line":26,"column":38}},"26":{"start":{"line":27,"column":0},"end":{"line":27,"column":9}},"27":{"start":{"line":28,"column":0},"end":{"line":28,"column":8}},"29":{"start":{"line":30,"column":0},"end":{"line":30,"column":12}},"30":{"start":{"line":31,"column":0},"end":{"line":31,"column":40}},"31":{"start":{"line":32,"column":0},"end":{"line":32,"column":38}},"32":{"start":{"line":33,"column":0},"end":{"line":33,"column":20}},"33":{"start":{"line":34,"column":0},"end":{"line":34,"column":22}},"34":{"start":{"line":35,"column":0},"end":{"line":35,"column":32}},"35":{"start":{"line":36,"column":0},"end":{"line":36,"column":34}},"36":{"start":{"line":37,"column":0},"end":{"line":37,"column":8}},"37":{"start":{"line":38,"column":0},"end":{"line":38,"column":109}},"39":{"start":{"line":40,"column":0},"end":{"line":40,"column":15}},"40":{"start":{"line":41,"column":0},"end":{"line":41,"column":11}},"42":{"start":{"line":43,"column":0},"end":{"line":43,"column":1}},"44":{"start":{"line":45,"column":0},"end":{"line":45,"column":27}}},"s":{"0":1,"1":1,"2":1,"3":1,"4":1,"11":32,"12":32,"13":32,"15":32,"17":32,"18":32,"19":32,"20":32,"21":1,"22":1,"23":1,"24":1,"25":0,"26":0,"27":1,"29":32,"30":32,"31":32,"32":32,"33":32,"34":32,"35":32,"36":32,"37":32,"39":32,"40":32,"42":32,"44":1},"branchMap":{"0":{"type":"branch","line":12,"loc":{"start":{"line":12,"column":0},"end":{"line":43,"column":1}},"locations":[{"start":{"line":12,"column":0},"end":{"line":43,"column":1}}]},"1":{"type":"branch","line":21,"loc":{"start":{"line":21,"column":16},"end":{"line":28,"column":8}},"locations":[{"start":{"line":21,"column":16},"end":{"line":28,"column":8}}]},"2":{"type":"branch","line":24,"loc":{"start":{"line":24,"column":22},"end":{"line":24,"column":44}},"locations":[{"start":{"line":24,"column":22},"end":{"line":24,"column":44}}]},"3":{"type":"branch","line":25,"loc":{"start":{"line":25,"column":13},"end":{"line":25,"column":58}},"locations":[{"start":{"line":25,"column":13},"end":{"line":25,"column":58}}]},"4":{"type":"branch","line":25,"loc":{"start":{"line":25,"column":58},"end":{"line":27,"column":9}},"locations":[{"start":{"line":25,"column":58},"end":{"line":27,"column":9}}]}},"b":{"0":[32],"1":[1],"2":[0],"3":[0],"4":[0]},"fnMap":{"0":{"name":"SearchInput","decl":{"start":{"line":12,"column":0},"end":{"line":43,"column":1}},"loc":{"start":{"line":12,"column":0},"end":{"line":43,"column":1}},"line":12},"1":{"name":"onSubmit","decl":{"start":{"line":21,"column":16},"end":{"line":28,"column":8}},"loc":{"start":{"line":21,"column":16},"end":{"line":28,"column":8}},"line":21}},"f":{"0":32,"1":1}}
,"/Users/frrrolova/Projects/REACT-2024-Q3/src/components/SvgImages/SvgImages.tsx": {"path":"/Users/frrrolova/Projects/REACT-2024-Q3/src/components/SvgImages/SvgImages.tsx","all":false,"statementMap":{"0":{"start":{"line":1,"column":0},"end":{"line":1,"column":37}},"1":{"start":{"line":2,"column":0},"end":{"line":2,"column":10}},"2":{"start":{"line":3,"column":0},"end":{"line":3,"column":51}},"3":{"start":{"line":4,"column":0},"end":{"line":4,"column":12}},"4":{"start":{"line":5,"column":0},"end":{"line":5,"column":51}},"5":{"start":{"line":6,"column":0},"end":{"line":6,"column":15}},"6":{"start":{"line":7,"column":0},"end":{"line":7,"column":423}},"7":{"start":{"line":8,"column":0},"end":{"line":8,"column":26}},"8":{"start":{"line":9,"column":0},"end":{"line":9,"column":12}},"9":{"start":{"line":10,"column":0},"end":{"line":10,"column":15}},"10":{"start":{"line":11,"column":0},"end":{"line":11,"column":126}},"11":{"start":{"line":12,"column":0},"end":{"line":12,"column":26}},"12":{"start":{"line":13,"column":0},"end":{"line":13,"column":12}},"13":{"start":{"line":14,"column":0},"end":{"line":14,"column":15}},"14":{"start":{"line":15,"column":0},"end":{"line":15,"column":120}},"15":{"start":{"line":16,"column":0},"end":{"line":16,"column":26}},"16":{"start":{"line":17,"column":0},"end":{"line":17,"column":12}},"17":{"start":{"line":18,"column":0},"end":{"line":18,"column":15}},"18":{"start":{"line":19,"column":0},"end":{"line":19,"column":144}},"19":{"start":{"line":20,"column":0},"end":{"line":20,"column":26}},"20":{"start":{"line":21,"column":0},"end":{"line":21,"column":12}},"21":{"start":{"line":22,"column":0},"end":{"line":22,"column":15}},"22":{"start":{"line":23,"column":0},"end":{"line":23,"column":105}},"23":{"start":{"line":24,"column":0},"end":{"line":24,"column":26}},"24":{"start":{"line":25,"column":0},"end":{"line":25,"column":12}},"25":{"start":{"line":26,"column":0},"end":{"line":26,"column":15}},"26":{"start":{"line":27,"column":0},"end":{"line":27,"column":115}},"27":{"start":{"line":28,"column":0},"end":{"line":28,"column":26}},"28":{"start":{"line":29,"column":0},"end":{"line":29,"column":12}},"29":{"start":{"line":30,"column":0},"end":{"line":30,"column":15}},"30":{"start":{"line":31,"column":0},"end":{"line":31,"column":100}},"31":{"start":{"line":32,"column":0},"end":{"line":32,"column":26}},"32":{"start":{"line":33,"column":0},"end":{"line":33,"column":12}},"33":{"start":{"line":34,"column":0},"end":{"line":34,"column":111}},"34":{"start":{"line":35,"column":0},"end":{"line":35,"column":117}},"35":{"start":{"line":36,"column":0},"end":{"line":36,"column":111}},"36":{"start":{"line":37,"column":0},"end":{"line":37,"column":28}},"37":{"start":{"line":38,"column":0},"end":{"line":38,"column":114}},"38":{"start":{"line":39,"column":0},"end":{"line":39,"column":115}},"39":{"start":{"line":40,"column":0},"end":{"line":40,"column":221}},"40":{"start":{"line":41,"column":0},"end":{"line":41,"column":175}},"41":{"start":{"line":42,"column":0},"end":{"line":42,"column":14}},"42":{"start":{"line":43,"column":0},"end":{"line":43,"column":17}},"43":{"start":{"line":44,"column":0},"end":{"line":44,"column":13}},"45":{"start":{"line":46,"column":0},"end":{"line":46,"column":31}},"46":{"start":{"line":47,"column":0},"end":{"line":47,"column":10}},"48":{"start":{"line":49,"column":0},"end":{"line":49,"column":1}}},"s":{"0":2,"1":2,"2":2,"3":2,"4":2,"5":2,"6":2,"7":2,"8":2,"9":2,"10":2,"11":2,"12":2,"13":2,"14":2,"15":2,"16":2,"17":2,"18":2,"19":2,"20":2,"21":2,"22":2,"23":2,"24":2,"25":2,"26":2,"27":2,"28":2,"29":2,"30":2,"31":2,"32":2,"33":2,"34":2,"35":2,"36":2,"37":2,"38":2,"39":2,"40":2,"41":2,"42":2,"43":2,"45":2,"46":2,"48":2},"branchMap":{"0":{"type":"branch","line":1,"loc":{"start":{"line":1,"column":0},"end":{"line":49,"column":1}},"locations":[{"start":{"line":1,"column":0},"end":{"line":49,"column":1}}]}},"b":{"0":[2]},"fnMap":{"0":{"name":"SvgImages","decl":{"start":{"line":1,"column":0},"end":{"line":49,"column":1}},"loc":{"start":{"line":1,"column":0},"end":{"line":49,"column":1}},"line":1}},"f":{"0":2}}
,"/Users/frrrolova/Projects/REACT-2024-Q3/src/components/ThemeSwitcher/ThemeSwitcher.tsx": {"path":"/Users/frrrolova/Projects/REACT-2024-Q3/src/components/ThemeSwitcher/ThemeSwitcher.tsx","all":false,"statementMap":{"0":{"start":{"line":1,"column":0},"end":{"line":1,"column":44}},"1":{"start":{"line":2,"column":0},"end":{"line":2,"column":49}},"2":{"start":{"line":3,"column":0},"end":{"line":3,"column":33}},"4":{"start":{"line":5,"column":0},"end":{"line":5,"column":41}},"5":{"start":{"line":6,"column":0},"end":{"line":6,"column":41}},"6":{"start":{"line":7,"column":0},"end":{"line":7,"column":60}},"8":{"start":{"line":9,"column":0},"end":{"line":9,"column":10}},"9":{"start":{"line":10,"column":0},"end":{"line":10,"column":36}},"10":{"start":{"line":11,"column":0},"end":{"line":11,"column":11}},"11":{"start":{"line":12,"column":0},"end":{"line":12,"column":24}},"12":{"start":{"line":13,"column":0},"end":{"line":13,"column":28}},"13":{"start":{"line":14,"column":0},"end":{"line":14,"column":10}},"14":{"start":{"line":15,"column":0},"end":{"line":15,"column":7}},"16":{"start":{"line":17,"column":0},"end":{"line":17,"column":13}},"17":{"start":{"line":18,"column":0},"end":{"line":18,"column":12}},"18":{"start":{"line":19,"column":0},"end":{"line":19,"column":42}},"19":{"start":{"line":20,"column":0},"end":{"line":20,"column":47}},"20":{"start":{"line":21,"column":0},"end":{"line":21,"column":42}},"22":{"start":{"line":23,"column":0},"end":{"line":23,"column":44}},"23":{"start":{"line":24,"column":0},"end":{"line":24,"column":45}},"24":{"start":{"line":25,"column":0},"end":{"line":25,"column":14}},"25":{"start":{"line":26,"column":0},"end":{"line":26,"column":44}},"26":{"start":{"line":27,"column":0},"end":{"line":27,"column":25}},"27":{"start":{"line":28,"column":0},"end":{"line":28,"column":27}},"28":{"start":{"line":29,"column":0},"end":{"line":29,"column":27}},"29":{"start":{"line":30,"column":0},"end":{"line":30,"column":66}},"30":{"start":{"line":31,"column":0},"end":{"line":31,"column":31}},"31":{"start":{"line":32,"column":0},"end":{"line":32,"column":45}},"32":{"start":{"line":33,"column":0},"end":{"line":33,"column":12}},"33":{"start":{"line":34,"column":0},"end":{"line":34,"column":10}},"34":{"start":{"line":35,"column":0},"end":{"line":35,"column":14}},"35":{"start":{"line":36,"column":0},"end":{"line":36,"column":11}},"36":{"start":{"line":37,"column":0},"end":{"line":37,"column":24}},"37":{"start":{"line":38,"column":0},"end":{"line":38,"column":27}},"38":{"start":{"line":39,"column":0},"end":{"line":39,"column":10}},"39":{"start":{"line":40,"column":0},"end":{"line":40,"column":7}},"41":{"start":{"line":42,"column":0},"end":{"line":42,"column":13}},"42":{"start":{"line":43,"column":0},"end":{"line":43,"column":10}},"44":{"start":{"line":45,"column":0},"end":{"line":45,"column":1}}},"s":{"0":1,"1":1,"2":1,"4":25,"5":25,"6":25,"8":25,"9":25,"10":25,"11":25,"12":0,"13":0,"14":25,"16":25,"17":25,"18":25,"19":25,"20":25,"22":25,"23":25,"24":25,"25":25,"26":25,"27":25,"28":25,"29":0,"30":0,"31":0,"32":0,"33":25,"34":25,"35":25,"36":25,"37":0,"38":0,"39":25,"41":25,"42":25,"44":25},"branchMap":{"0":{"type":"branch","line":5,"loc":{"start":{"line":5,"column":0},"end":{"line":45,"column":1}},"locations":[{"start":{"line":5,"column":0},"end":{"line":45,"column":1}}]}},"b":{"0":[25]},"fnMap":{"0":{"name":"ThemeSwitcher","decl":{"start":{"line":5,"column":0},"end":{"line":45,"column":1}},"loc":{"start":{"line":5,"column":0},"end":{"line":45,"column":1}},"line":5},"1":{"name":"onClick","decl":{"start":{"line":12,"column":17},"end":{"line":14,"column":10}},"loc":{"start":{"line":12,"column":17},"end":{"line":14,"column":10}},"line":12},"2":{"name":"onChange","decl":{"start":{"line":29,"column":20},"end":{"line":33,"column":12}},"loc":{"start":{"line":29,"column":20},"end":{"line":33,"column":12}},"line":29},"3":{"name":"onClick","decl":{"start":{"line":37,"column":17},"end":{"line":39,"column":10}},"loc":{"start":{"line":37,"column":17},"end":{"line":39,"column":10}},"line":37}},"f":{"0":25,"1":0,"2":0,"3":0}}
,"/Users/frrrolova/Projects/REACT-2024-Q3/src/enums/searchParams.enum.ts": {"path":"/Users/frrrolova/Projects/REACT-2024-Q3/src/enums/searchParams.enum.ts","all":false,"statementMap":{"0":{"start":{"line":1,"column":0},"end":{"line":1,"column":26}},"1":{"start":{"line":2,"column":0},"end":{"line":2,"column":16}},"2":{"start":{"line":3,"column":0},"end":{"line":3,"column":22}}},"s":{"0":1,"1":1,"2":1},"branchMap":{"0":{"type":"branch","line":1,"loc":{"start":{"line":1,"column":7},"end":{"line":1,"column":26}},"locations":[{"start":{"line":1,"column":7},"end":{"line":1,"column":26}}]}},"b":{"0":[4]},"fnMap":{},"f":{}}
,"/Users/frrrolova/Projects/REACT-2024-Q3/src/hooks/useGetCharactersResultWithLatestParams.ts": {"path":"/Users/frrrolova/Projects/REACT-2024-Q3/src/hooks/useGetCharactersResultWithLatestParams.ts","all":false,"statementMap":{"0":{"start":{"line":1,"column":0},"end":{"line":1,"column":64}},"1":{"start":{"line":2,"column":0},"end":{"line":2,"column":103}},"3":{"start":{"line":4,"column":0},"end":{"line":4,"column":58}},"4":{"start":{"line":5,"column":0},"end":{"line":5,"column":44}},"5":{"start":{"line":6,"column":0},"end":{"line":6,"column":60}},"6":{"start":{"line":7,"column":0},"end":{"line":7,"column":64}},"7":{"start":{"line":8,"column":0},"end":{"line":8,"column":28}},"8":{"start":{"line":9,"column":0},"end":{"line":9,"column":38}},"9":{"start":{"line":10,"column":0},"end":{"line":10,"column":5}},"10":{"start":{"line":11,"column":0},"end":{"line":11,"column":1}}},"s":{"0":1,"1":1,"3":1,"4":64,"5":64,"6":64,"7":64,"8":64,"9":64,"10":64},"branchMap":{"0":{"type":"branch","line":4,"loc":{"start":{"line":4,"column":7},"end":{"line":11,"column":1}},"locations":[{"start":{"line":4,"column":7},"end":{"line":11,"column":1}}]}},"b":{"0":[64]},"fnMap":{"0":{"name":"useGetCharactersResultWithLatestParams","decl":{"start":{"line":4,"column":7},"end":{"line":11,"column":1}},"loc":{"start":{"line":4,"column":7},"end":{"line":11,"column":1}},"line":4}},"f":{"0":64}}
,"/Users/frrrolova/Projects/REACT-2024-Q3/src/hooks/useLS.ts": {"path":"/Users/frrrolova/Projects/REACT-2024-Q3/src/hooks/useLS.ts","all":false,"statementMap":{"0":{"start":{"line":1,"column":0},"end":{"line":1,"column":33}},"2":{"start":{"line":3,"column":0},"end":{"line":3,"column":36}},"3":{"start":{"line":4,"column":0},"end":{"line":4,"column":79}},"5":{"start":{"line":6,"column":0},"end":{"line":6,"column":10}},"6":{"start":{"line":7,"column":0},"end":{"line":7,"column":10}},"7":{"start":{"line":8,"column":0},"end":{"line":8,"column":24}},"8":{"start":{"line":9,"column":0},"end":{"line":9,"column":22}},"9":{"start":{"line":10,"column":0},"end":{"line":10,"column":39}},"10":{"start":{"line":11,"column":0},"end":{"line":11,"column":6}},"11":{"start":{"line":12,"column":0},"end":{"line":12,"column":48}},"12":{"start":{"line":13,"column":0},"end":{"line":13,"column":1}}},"s":{"0":1,"2":1,"3":57,"5":57,"6":57,"7":57,"8":0,"9":0,"10":0,"11":57,"12":57},"branchMap":{"0":{"type":"branch","line":3,"loc":{"start":{"line":3,"column":7},"end":{"line":13,"column":1}},"locations":[{"start":{"line":3,"column":7},"end":{"line":13,"column":1}}]}},"b":{"0":[57]},"fnMap":{"0":{"name":"useLS","decl":{"start":{"line":3,"column":7},"end":{"line":13,"column":1}},"loc":{"start":{"line":3,"column":7},"end":{"line":13,"column":1}},"line":3}},"f":{"0":57}}
,"/Users/frrrolova/Projects/REACT-2024-Q3/src/hooks/useTheme.ts": {"path":"/Users/frrrolova/Projects/REACT-2024-Q3/src/hooks/useTheme.ts","all":false,"statementMap":{"0":{"start":{"line":1,"column":0},"end":{"line":1,"column":58}},"1":{"start":{"line":2,"column":0},"end":{"line":2,"column":35}},"3":{"start":{"line":4,"column":0},"end":{"line":4,"column":31}},"4":{"start":{"line":5,"column":0},"end":{"line":5,"column":55}},"5":{"start":{"line":6,"column":0},"end":{"line":6,"column":29}},"6":{"start":{"line":7,"column":0},"end":{"line":7,"column":2}}},"s":{"0":1,"1":1,"3":1,"4":26,"5":26,"6":26},"branchMap":{"0":{"type":"branch","line":4,"loc":{"start":{"line":4,"column":24},"end":{"line":7,"column":2}},"locations":[{"start":{"line":4,"column":24},"end":{"line":7,"column":2}}]}},"b":{"0":[26]},"fnMap":{"0":{"name":"useTheme","decl":{"start":{"line":4,"column":24},"end":{"line":7,"column":2}},"loc":{"start":{"line":4,"column":24},"end":{"line":7,"column":2}},"line":4}},"f":{"0":26}}
,"/Users/frrrolova/Projects/REACT-2024-Q3/src/pages/errorPage/ErrorPage.tsx": {"path":"/Users/frrrolova/Projects/REACT-2024-Q3/src/pages/errorPage/ErrorPage.tsx","all":false,"statementMap":{"0":{"start":{"line":1,"column":0},"end":{"line":1,"column":37}},"1":{"start":{"line":2,"column":0},"end":{"line":2,"column":45}},"2":{"start":{"line":3,"column":0},"end":{"line":3,"column":47}},"3":{"start":{"line":4,"column":0},"end":{"line":4,"column":41}},"5":{"start":{"line":6,"column":0},"end":{"line":6,"column":22}},"6":{"start":{"line":7,"column":0},"end":{"line":7,"column":33}},"8":{"start":{"line":9,"column":0},"end":{"line":9,"column":10}},"9":{"start":{"line":10,"column":0},"end":{"line":10,"column":36}},"10":{"start":{"line":11,"column":0},"end":{"line":11,"column":40}},"11":{"start":{"line":12,"column":0},"end":{"line":12,"column":36}},"12":{"start":{"line":13,"column":0},"end":{"line":13,"column":42}},"13":{"start":{"line":14,"column":0},"end":{"line":14,"column":14}},"14":{"start":{"line":15,"column":0},"end":{"line":15,"column":13}},"15":{"start":{"line":16,"column":0},"end":{"line":16,"column":39}},"16":{"start":{"line":17,"column":0},"end":{"line":17,"column":24}},"17":{"start":{"line":18,"column":0},"end":{"line":18,"column":56}},"18":{"start":{"line":19,"column":0},"end":{"line":19,"column":16}},"19":{"start":{"line":20,"column":0},"end":{"line":20,"column":17}},"20":{"start":{"line":21,"column":0},"end":{"line":21,"column":34}},"21":{"start":{"line":22,"column":0},"end":{"line":22,"column":28}},"22":{"start":{"line":23,"column":0},"end":{"line":23,"column":36}},"23":{"start":{"line":24,"column":0},"end":{"line":24,"column":14}},"24":{"start":{"line":25,"column":0},"end":{"line":25,"column":37}},"25":{"start":{"line":26,"column":0},"end":{"line":26,"column":11}},"27":{"start":{"line":28,"column":0},"end":{"line":28,"column":19}},"28":{"start":{"line":29,"column":0},"end":{"line":29,"column":14}},"29":{"start":{"line":30,"column":0},"end":{"line":30,"column":12}},"30":{"start":{"line":31,"column":0},"end":{"line":31,"column":10}},"32":{"start":{"line":33,"column":0},"end":{"line":33,"column":1}},"34":{"start":{"line":35,"column":0},"end":{"line":35,"column":25}}},"s":{"0":1,"1":1,"2":1,"3":1,"5":1,"6":1,"8":1,"9":1,"10":1,"11":1,"12":1,"13":1,"14":1,"15":1,"16":1,"17":1,"18":1,"19":1,"20":1,"21":1,"22":1,"23":1,"24":1,"25":1,"27":1,"28":1,"29":1,"30":1,"32":1,"34":1},"branchMap":{"0":{"type":"branch","line":6,"loc":{"start":{"line":6,"column":0},"end":{"line":33,"column":1}},"locations":[{"start":{"line":6,"column":0},"end":{"line":33,"column":1}}]},"1":{"type":"branch","line":22,"loc":{"start":{"line":22,"column":21},"end":{"line":24,"column":14}},"locations":[{"start":{"line":22,"column":21},"end":{"line":24,"column":14}}]}},"b":{"0":[1],"1":[1]},"fnMap":{"0":{"name":"ErrorPage","decl":{"start":{"line":6,"column":0},"end":{"line":33,"column":1}},"loc":{"start":{"line":6,"column":0},"end":{"line":33,"column":1}},"line":6},"1":{"name":"onClick","decl":{"start":{"line":22,"column":21},"end":{"line":24,"column":14}},"loc":{"start":{"line":22,"column":21},"end":{"line":24,"column":14}},"line":22}},"f":{"0":1,"1":1}}
,"/Users/frrrolova/Projects/REACT-2024-Q3/src/pages/main/Main.tsx": {"path":"/Users/frrrolova/Projects/REACT-2024-Q3/src/pages/main/Main.tsx","all":false,"statementMap":{"0":{"start":{"line":1,"column":0},"end":{"line":1,"column":51}},"1":{"start":{"line":2,"column":0},"end":{"line":2,"column":48}},"2":{"start":{"line":3,"column":0},"end":{"line":3,"column":63}},"3":{"start":{"line":4,"column":0},"end":{"line":4,"column":74}},"4":{"start":{"line":5,"column":0},"end":{"line":5,"column":34}},"5":{"start":{"line":6,"column":0},"end":{"line":6,"column":40}},"6":{"start":{"line":7,"column":0},"end":{"line":7,"column":59}},"7":{"start":{"line":8,"column":0},"end":{"line":8,"column":60}},"8":{"start":{"line":9,"column":0},"end":{"line":9,"column":50}},"9":{"start":{"line":10,"column":0},"end":{"line":10,"column":57}},"10":{"start":{"line":11,"column":0},"end":{"line":11,"column":38}},"11":{"start":{"line":12,"column":0},"end":{"line":12,"column":47}},"12":{"start":{"line":13,"column":0},"end":{"line":13,"column":92}},"13":{"start":{"line":14,"column":0},"end":{"line":14,"column":48}},"15":{"start":{"line":16,"column":0},"end":{"line":16,"column":17}},"16":{"start":{"line":17,"column":0},"end":{"line":17,"column":36}},"17":{"start":{"line":18,"column":0},"end":{"line":18,"column":70}},"19":{"start":{"line":20,"column":0},"end":{"line":20,"column":60}},"21":{"start":{"line":22,"column":0},"end":{"line":22,"column":62}},"22":{"start":{"line":23,"column":0},"end":{"line":23,"column":56}},"24":{"start":{"line":25,"column":0},"end":{"line":25,"column":61}},"26":{"start":{"line":27,"column":0},"end":{"line":27,"column":19}},"27":{"start":{"line":28,"column":0},"end":{"line":28,"column":12}},"28":{"start":{"line":29,"column":0},"end":{"line":29,"column":110}},"29":{"start":{"line":30,"column":0},"end":{"line":30,"column":12}},"30":{"start":{"line":31,"column":0},"end":{"line":31,"column":6}},"31":{"start":{"line":32,"column":0},"end":{"line":32,"column":18}},"33":{"start":{"line":34,"column":0},"end":{"line":34,"column":19}},"34":{"start":{"line":35,"column":0},"end":{"line":35,"column":90}},"36":{"start":{"line":37,"column":0},"end":{"line":37,"column":12}},"37":{"start":{"line":38,"column":0},"end":{"line":38,"column":110}},"38":{"start":{"line":39,"column":0},"end":{"line":39,"column":12}},"39":{"start":{"line":40,"column":0},"end":{"line":40,"column":6}},"40":{"start":{"line":41,"column":0},"end":{"line":41,"column":9}},"42":{"start":{"line":43,"column":0},"end":{"line":43,"column":19}},"43":{"start":{"line":44,"column":0},"end":{"line":44,"column":50}},"44":{"start":{"line":45,"column":0},"end":{"line":45,"column":21}},"46":{"start":{"line":47,"column":0},"end":{"line":47,"column":10}},"47":{"start":{"line":48,"column":0},"end":{"line":48,"column":6}},"48":{"start":{"line":49,"column":0},"end":{"line":49,"column":14}},"49":{"start":{"line":50,"column":0},"end":{"line":50,"column":20}},"50":{"start":{"line":51,"column":0},"end":{"line":51,"column":76}},"51":{"start":{"line":52,"column":0},"end":{"line":52,"column":44}},"52":{"start":{"line":53,"column":0},"end":{"line":53,"column":59}},"53":{"start":{"line":54,"column":0},"end":{"line":54,"column":46}},"54":{"start":{"line":55,"column":0},"end":{"line":55,"column":50}},"55":{"start":{"line":56,"column":0},"end":{"line":56,"column":63}},"56":{"start":{"line":57,"column":0},"end":{"line":57,"column":12}},"57":{"start":{"line":58,"column":0},"end":{"line":58,"column":10}},"58":{"start":{"line":59,"column":0},"end":{"line":59,"column":15}},"60":{"start":{"line":61,"column":0},"end":{"line":61,"column":46}},"61":{"start":{"line":62,"column":0},"end":{"line":62,"column":16}},"62":{"start":{"line":63,"column":0},"end":{"line":63,"column":94}},"63":{"start":{"line":64,"column":0},"end":{"line":64,"column":81}},"64":{"start":{"line":65,"column":0},"end":{"line":65,"column":35}},"65":{"start":{"line":66,"column":0},"end":{"line":66,"column":29}},"66":{"start":{"line":67,"column":0},"end":{"line":67,"column":79}},"67":{"start":{"line":68,"column":0},"end":{"line":68,"column":36}},"68":{"start":{"line":69,"column":0},"end":{"line":69,"column":15}},"69":{"start":{"line":70,"column":0},"end":{"line":70,"column":12}},"71":{"start":{"line":72,"column":0},"end":{"line":72,"column":67}},"72":{"start":{"line":73,"column":0},"end":{"line":73,"column":23}},"73":{"start":{"line":74,"column":0},"end":{"line":74,"column":81}},"74":{"start":{"line":75,"column":0},"end":{"line":75,"column":49}},"75":{"start":{"line":76,"column":0},"end":{"line":76,"column":30}},"76":{"start":{"line":77,"column":0},"end":{"line":77,"column":39}},"77":{"start":{"line":78,"column":0},"end":{"line":78,"column":56}},"78":{"start":{"line":79,"column":0},"end":{"line":79,"column":47}},"79":{"start":{"line":80,"column":0},"end":{"line":80,"column":87}},"80":{"start":{"line":81,"column":0},"end":{"line":81,"column":16}},"81":{"start":{"line":82,"column":0},"end":{"line":82,"column":14}},"82":{"start":{"line":83,"column":0},"end":{"line":83,"column":24}},"83":{"start":{"line":84,"column":0},"end":{"line":84,"column":18}},"84":{"start":{"line":85,"column":0},"end":{"line":85,"column":25}},"86":{"start":{"line":87,"column":0},"end":{"line":87,"column":36}},"87":{"start":{"line":88,"column":0},"end":{"line":88,"column":12}},"88":{"start":{"line":89,"column":0},"end":{"line":89,"column":7}},"90":{"start":{"line":91,"column":0},"end":{"line":91,"column":1}},"92":{"start":{"line":93,"column":0},"end":{"line":93,"column":20}}},"s":{"0":1,"1":1,"2":1,"3":1,"4":1,"5":1,"6":1,"7":1,"8":1,"9":1,"10":1,"11":1,"12":1,"13":1,"15":25,"16":25,"17":25,"19":25,"21":25,"22":25,"24":25,"26":25,"27":11,"28":11,"29":11,"30":11,"31":25,"33":25,"34":5,"36":5,"37":5,"38":5,"39":5,"40":25,"42":25,"43":5,"44":25,"46":25,"47":25,"48":25,"49":25,"50":25,"51":25,"52":0,"53":0,"54":0,"55":0,"56":0,"57":25,"58":25,"60":25,"61":25,"62":25,"63":25,"64":25,"65":3,"66":3,"67":3,"68":3,"69":3,"71":25,"72":10,"73":10,"74":10,"75":10,"76":10,"77":1,"78":1,"79":1,"80":1,"81":10,"82":15,"83":25,"84":25,"86":25,"87":25,"88":25,"90":25,"92":1},"branchMap":{"0":{"type":"branch","line":16,"loc":{"start":{"line":16,"column":0},"end":{"line":91,"column":1}},"locations":[{"start":{"line":16,"column":0},"end":{"line":91,"column":1}}]},"1":{"type":"branch","line":51,"loc":{"start":{"line":51,"column":40},"end":{"line":51,"column":76}},"locations":[{"start":{"line":51,"column":40},"end":{"line":51,"column":76}}]},"2":{"type":"branch","line":63,"loc":{"start":{"line":63,"column":73},"end":{"line":63,"column":87}},"locations":[{"start":{"line":63,"column":73},"end":{"line":63,"column":87}}]},"3":{"type":"branch","line":64,"loc":{"start":{"line":64,"column":55},"end":{"line":64,"column":72}},"locations":[{"start":{"line":64,"column":55},"end":{"line":64,"column":72}}]},"4":{"type":"branch","line":64,"loc":{"start":{"line":64,"column":61},"end":{"line":64,"column":78}},"locations":[{"start":{"line":64,"column":61},"end":{"line":64,"column":78}}]},"5":{"type":"branch","line":64,"loc":{"start":{"line":64,"column":73},"end":{"line":64,"column":81}},"locations":[{"start":{"line":64,"column":73},"end":{"line":64,"column":81}}]},"6":{"type":"branch","line":72,"loc":{"start":{"line":72,"column":47},"end":{"line":72,"column":58}},"locations":[{"start":{"line":72,"column":47},"end":{"line":72,"column":58}}]},"7":{"type":"branch","line":72,"loc":{"start":{"line":72,"column":58},"end":{"line":82,"column":14}},"locations":[{"start":{"line":72,"column":58},"end":{"line":82,"column":14}}]},"8":{"type":"branch","line":74,"loc":{"start":{"line":74,"column":63},"end":{"line":74,"column":81}},"locations":[{"start":{"line":74,"column":63},"end":{"line":74,"column":81}}]},"9":{"type":"branch","line":82,"loc":{"start":{"line":82,"column":12},"end":{"line":83,"column":24}},"locations":[{"start":{"line":82,"column":12},"end":{"line":83,"column":24}}]},"10":{"type":"branch","line":87,"loc":{"start":{"line":87,"column":9},"end":{"line":87,"column":36}},"locations":[{"start":{"line":87,"column":9},"end":{"line":87,"column":36}}]},"11":{"type":"branch","line":27,"loc":{"start":{"line":27,"column":12},"end":{"line":32,"column":5}},"locations":[{"start":{"line":27,"column":12},"end":{"line":32,"column":5}}]},"12":{"type":"branch","line":29,"loc":{"start":{"line":29,"column":56},"end":{"line":29,"column":75}},"locations":[{"start":{"line":29,"column":56},"end":{"line":29,"column":75}}]},"13":{"type":"branch","line":34,"loc":{"start":{"line":34,"column":12},"end":{"line":41,"column":5}},"locations":[{"start":{"line":34,"column":12},"end":{"line":41,"column":5}}]},"14":{"type":"branch","line":43,"loc":{"start":{"line":43,"column":12},"end":{"line":45,"column":5}},"locations":[{"start":{"line":43,"column":12},"end":{"line":45,"column":5}}]},"15":{"type":"branch","line":65,"loc":{"start":{"line":65,"column":24},"end":{"line":70,"column":12}},"locations":[{"start":{"line":65,"column":24},"end":{"line":70,"column":12}}]},"16":{"type":"branch","line":67,"loc":{"start":{"line":67,"column":54},"end":{"line":67,"column":79}},"locations":[{"start":{"line":67,"column":54},"end":{"line":67,"column":79}}]},"17":{"type":"branch","line":77,"loc":{"start":{"line":77,"column":28},"end":{"line":81,"column":16}},"locations":[{"start":{"line":77,"column":28},"end":{"line":81,"column":16}}]}},"b":{"0":[25],"1":[15],"2":[10],"3":[10],"4":[15],"5":[0],"6":[10],"7":[10],"8":[0],"9":[15],"10":[3],"11":[11],"12":[5],"13":[5],"14":[5],"15":[3],"16":[0],"17":[1]},"fnMap":{"0":{"name":"Main","decl":{"start":{"line":16,"column":0},"end":{"line":91,"column":1}},"loc":{"start":{"line":16,"column":0},"end":{"line":91,"column":1}},"line":16},"1":{"name":"onSearchClick","decl":{"start":{"line":52,"column":25},"end":{"line":57,"column":12}},"loc":{"start":{"line":52,"column":25},"end":{"line":57,"column":12}},"line":52},"2":{"name":"onCardSelect","decl":{"start":{"line":65,"column":24},"end":{"line":70,"column":12}},"loc":{"start":{"line":65,"column":24},"end":{"line":70,"column":12}},"line":65},"3":{"name":"onPageChange","decl":{"start":{"line":77,"column":28},"end":{"line":81,"column":16}},"loc":{"start":{"line":77,"column":28},"end":{"line":81,"column":16}},"line":77}},"f":{"0":25,"1":0,"2":3,"3":1}}
,"/Users/frrrolova/Projects/REACT-2024-Q3/src/providers/theme.provider.tsx": {"path":"/Users/frrrolova/Projects/REACT-2024-Q3/src/providers/theme.provider.tsx","all":false,"statementMap":{"0":{"start":{"line":1,"column":0},"end":{"line":1,"column":59}},"2":{"start":{"line":3,"column":0},"end":{"line":3,"column":49}},"3":{"start":{"line":4,"column":0},"end":{"line":4,"column":17}},"4":{"start":{"line":5,"column":0},"end":{"line":5,"column":32}},"5":{"start":{"line":6,"column":0},"end":{"line":6,"column":23}},"7":{"start":{"line":8,"column":0},"end":{"line":8,"column":4}},"8":{"start":{"line":9,"column":0},"end":{"line":9,"column":3}},"10":{"start":{"line":11,"column":0},"end":{"line":11,"column":67}},"11":{"start":{"line":12,"column":0},"end":{"line":12,"column":46}},"13":{"start":{"line":14,"column":0},"end":{"line":14,"column":95}},"14":{"start":{"line":15,"column":0},"end":{"line":15,"column":2}}},"s":{"0":1,"2":1,"3":1,"4":1,"5":0,"7":0,"8":1,"10":1,"11":0,"13":0,"14":0},"branchMap":{},"b":{},"fnMap":{"0":{"name":"setTheme","decl":{"start":{"line":5,"column":12},"end":{"line":8,"column":4}},"loc":{"start":{"line":5,"column":12},"end":{"line":8,"column":4}},"line":5},"1":{"name":"ThemeProvider","decl":{"start":{"line":11,"column":29},"end":{"line":15,"column":2}},"loc":{"start":{"line":11,"column":29},"end":{"line":15,"column":2}},"line":11}},"f":{"0":0,"1":0}}
,"/Users/frrrolova/Projects/REACT-2024-Q3/src/routes/Routing.tsx": {"path":"/Users/frrrolova/Projects/REACT-2024-Q3/src/routes/Routing.tsx","all":false,"statementMap":{"0":{"start":{"line":1,"column":0},"end":{"line":1,"column":51}},"1":{"start":{"line":2,"column":0},"end":{"line":2,"column":91}},"2":{"start":{"line":3,"column":0},"end":{"line":3,"column":52}},"3":{"start":{"line":4,"column":0},"end":{"line":4,"column":37}},"4":{"start":{"line":5,"column":0},"end":{"line":5,"column":68}},"5":{"start":{"line":6,"column":0},"end":{"line":6,"column":34}},"7":{"start":{"line":8,"column":0},"end":{"line":8,"column":44}},"8":{"start":{"line":9,"column":0},"end":{"line":9,"column":3}},"9":{"start":{"line":10,"column":0},"end":{"line":10,"column":37}},"10":{"start":{"line":11,"column":0},"end":{"line":11,"column":15}},"11":{"start":{"line":12,"column":0},"end":{"line":12,"column":7}},"12":{"start":{"line":13,"column":0},"end":{"line":13,"column":26}},"13":{"start":{"line":14,"column":0},"end":{"line":14,"column":26}},"14":{"start":{"line":15,"column":0},"end":{"line":15,"column":19}},"15":{"start":{"line":16,"column":0},"end":{"line":16,"column":11}},"16":{"start":{"line":17,"column":0},"end":{"line":17,"column":33}},"17":{"start":{"line":18,"column":0},"end":{"line":18,"column":30}},"18":{"start":{"line":19,"column":0},"end":{"line":19,"column":12}},"19":{"start":{"line":20,"column":0},"end":{"line":20,"column":10}},"20":{"start":{"line":21,"column":0},"end":{"line":21,"column":8}},"21":{"start":{"line":22,"column":0},"end":{"line":22,"column":7}},"22":{"start":{"line":23,"column":0},"end":{"line":23,"column":31}},"23":{"start":{"line":24,"column":0},"end":{"line":24,"column":27}},"24":{"start":{"line":25,"column":0},"end":{"line":25,"column":8}},"25":{"start":{"line":26,"column":0},"end":{"line":26,"column":6}},"26":{"start":{"line":27,"column":0},"end":{"line":27,"column":4}},"27":{"start":{"line":28,"column":0},"end":{"line":28,"column":2}},"29":{"start":{"line":30,"column":0},"end":{"line":30,"column":56}}},"s":{"0":1,"1":1,"2":1,"3":1,"4":1,"5":1,"7":1,"8":1,"9":1,"10":1,"11":1,"12":1,"13":1,"14":1,"15":1,"16":1,"17":1,"18":1,"19":1,"20":1,"21":1,"22":1,"23":1,"24":1,"25":1,"26":1,"27":1,"29":1},"branchMap":{},"b":{},"fnMap":{},"f":{}}
,"/Users/frrrolova/Projects/REACT-2024-Q3/src/routes/routes.ts": {"path":"/Users/frrrolova/Projects/REACT-2024-Q3/src/routes/routes.ts","all":false,"statementMap":{"0":{"start":{"line":1,"column":0},"end":{"line":1,"column":23}},"1":{"start":{"line":2,"column":0},"end":{"line":2,"column":12}},"2":{"start":{"line":3,"column":0},"end":{"line":3,"column":13}},"3":{"start":{"line":4,"column":0},"end":{"line":4,"column":2}}},"s":{"0":1,"1":1,"2":1,"3":1},"branchMap":{},"b":{},"fnMap":{},"f":{}}
,"/Users/frrrolova/Projects/REACT-2024-Q3/src/services/characters.service.ts": {"path":"/Users/frrrolova/Projects/REACT-2024-Q3/src/services/characters.service.ts","all":false,"statementMap":{"0":{"start":{"line":1,"column":0},"end":{"line":1,"column":38}},"2":{"start":{"line":3,"column":0},"end":{"line":3,"column":73}},"4":{"start":{"line":5,"column":0},"end":{"line":5,"column":42}},"5":{"start":{"line":6,"column":0},"end":{"line":6,"column":33}},"6":{"start":{"line":7,"column":0},"end":{"line":7,"column":50}},"7":{"start":{"line":8,"column":0},"end":{"line":8,"column":28}},"8":{"start":{"line":9,"column":0},"end":{"line":9,"column":56}},"9":{"start":{"line":10,"column":0},"end":{"line":10,"column":39}},"10":{"start":{"line":11,"column":0},"end":{"line":11,"column":7}},"11":{"start":{"line":12,"column":0},"end":{"line":12,"column":101}},"12":{"start":{"line":13,"column":0},"end":{"line":13,"column":48}},"13":{"start":{"line":14,"column":0},"end":{"line":14,"column":49}},"14":{"start":{"line":15,"column":0},"end":{"line":15,"column":27}},"15":{"start":{"line":16,"column":0},"end":{"line":16,"column":41}},"16":{"start":{"line":17,"column":0},"end":{"line":17,"column":9}},"17":{"start":{"line":18,"column":0},"end":{"line":18,"column":19}},"18":{"start":{"line":19,"column":0},"end":{"line":19,"column":8}},"19":{"start":{"line":20,"column":0},"end":{"line":20,"column":7}},"20":{"start":{"line":21,"column":0},"end":{"line":21,"column":5}},"21":{"start":{"line":22,"column":0},"end":{"line":22,"column":3}},"23":{"start":{"line":24,"column":0},"end":{"line":24,"column":110}}},"s":{"0":1,"2":1,"4":1,"5":1,"6":1,"7":1,"8":11,"9":11,"10":11,"11":11,"12":11,"13":6,"14":6,"15":0,"16":0,"17":6,"18":6,"19":11,"20":11,"21":1,"23":1},"branchMap":{"0":{"type":"branch","line":8,"loc":{"start":{"line":8,"column":13},"end":{"line":21,"column":5}},"locations":[{"start":{"line":8,"column":13},"end":{"line":21,"column":5}}]},"1":{"type":"branch","line":10,"loc":{"start":{"line":10,"column":13},"end":{"line":10,"column":39}},"locations":[{"start":{"line":10,"column":13},"end":{"line":10,"column":39}}]},"2":{"type":"branch","line":13,"loc":{"start":{"line":13,"column":13},"end":{"line":19,"column":8}},"locations":[{"start":{"line":13,"column":13},"end":{"line":19,"column":8}}]},"3":{"type":"branch","line":15,"loc":{"start":{"line":15,"column":26},"end":{"line":17,"column":9}},"locations":[{"start":{"line":15,"column":26},"end":{"line":17,"column":9}}]}},"b":{"0":[11],"1":[6],"2":[6],"3":[0]},"fnMap":{"0":{"name":"endpoints","decl":{"start":{"line":8,"column":13},"end":{"line":21,"column":5}},"loc":{"start":{"line":8,"column":13},"end":{"line":21,"column":5}},"line":8},"1":{"name":"query","decl":{"start":{"line":10,"column":13},"end":{"line":10,"column":39}},"loc":{"start":{"line":10,"column":13},"end":{"line":10,"column":39}},"line":10},"2":{"name":"query","decl":{"start":{"line":13,"column":13},"end":{"line":19,"column":8}},"loc":{"start":{"line":13,"column":13},"end":{"line":19,"column":8}},"line":13}},"f":{"0":11,"1":6,"2":6}}
,"/Users/frrrolova/Projects/REACT-2024-Q3/src/services/csv.service.ts": {"path":"/Users/frrrolova/Projects/REACT-2024-Q3/src/services/csv.service.ts","all":false,"statementMap":{"2":{"start":{"line":3,"column":0},"end":{"line":3,"column":60}},"3":{"start":{"line":4,"column":0},"end":{"line":4,"column":71}},"5":{"start":{"line":6,"column":0},"end":{"line":6,"column":79}},"6":{"start":{"line":7,"column":0},"end":{"line":7,"column":50}},"9":{"start":{"line":10,"column":0},"end":{"line":10,"column":43}},"10":{"start":{"line":11,"column":0},"end":{"line":11,"column":21}},"11":{"start":{"line":12,"column":0},"end":{"line":12,"column":85}},"12":{"start":{"line":13,"column":0},"end":{"line":13,"column":34}},"13":{"start":{"line":14,"column":0},"end":{"line":14,"column":15}},"14":{"start":{"line":15,"column":0},"end":{"line":15,"column":34}},"15":{"start":{"line":16,"column":0},"end":{"line":16,"column":1}},"17":{"start":{"line":18,"column":0},"end":{"line":18,"column":76}},"18":{"start":{"line":19,"column":0},"end":{"line":19,"column":18}},"20":{"start":{"line":21,"column":0},"end":{"line":21,"column":92}},"23":{"start":{"line":24,"column":0},"end":{"line":24,"column":17}},"24":{"start":{"line":25,"column":0},"end":{"line":25,"column":37}},"25":{"start":{"line":26,"column":0},"end":{"line":26,"column":18}},"26":{"start":{"line":27,"column":0},"end":{"line":27,"column":41}},"27":{"start":{"line":28,"column":0},"end":{"line":28,"column":23}},"28":{"start":{"line":29,"column":0},"end":{"line":29,"column":12}},"29":{"start":{"line":30,"column":0},"end":{"line":30,"column":20}},"30":{"start":{"line":31,"column":0},"end":{"line":31,"column":5}},"31":{"start":{"line":32,"column":0},"end":{"line":32,"column":5}},"33":{"start":{"line":34,"column":0},"end":{"line":34,"column":35}},"34":{"start":{"line":35,"column":0},"end":{"line":35,"column":29}},"35":{"start":{"line":36,"column":0},"end":{"line":36,"column":39}},"36":{"start":{"line":37,"column":0},"end":{"line":37,"column":29}},"37":{"start":{"line":38,"column":0},"end":{"line":38,"column":43}},"38":{"start":{"line":39,"column":0},"end":{"line":39,"column":25}},"39":{"start":{"line":40,"column":0},"end":{"line":40,"column":14}},"40":{"start":{"line":41,"column":0},"end":{"line":41,"column":22}},"41":{"start":{"line":42,"column":0},"end":{"line":42,"column":7}},"42":{"start":{"line":43,"column":0},"end":{"line":43,"column":7}},"43":{"start":{"line":44,"column":0},"end":{"line":44,"column":5}},"45":{"start":{"line":46,"column":0},"end":{"line":46,"column":16}},"46":{"start":{"line":47,"column":0},"end":{"line":47,"column":1}}},"s":{"2":1,"3":0,"5":0,"6":0,"9":0,"10":0,"11":0,"12":0,"13":0,"14":0,"15":0,"17":1,"18":2,"20":2,"23":2,"24":2,"25":10,"26":10,"27":2,"28":10,"29":8,"30":8,"31":2,"33":2,"34":2,"35":2,"36":10,"37":10,"38":2,"39":10,"40":8,"41":8,"42":2,"43":2,"45":2,"46":2},"branchMap":{"0":{"type":"branch","line":18,"loc":{"start":{"line":18,"column":7},"end":{"line":47,"column":1}},"locations":[{"start":{"line":18,"column":7},"end":{"line":47,"column":1}}]},"1":{"type":"branch","line":25,"loc":{"start":{"line":25,"column":24},"end":{"line":32,"column":3}},"locations":[{"start":{"line":25,"column":24},"end":{"line":32,"column":3}}]},"2":{"type":"branch","line":27,"loc":{"start":{"line":27,"column":40},"end":{"line":29,"column":11}},"locations":[{"start":{"line":27,"column":40},"end":{"line":29,"column":11}}]},"3":{"type":"branch","line":29,"loc":{"start":{"line":29,"column":4},"end":{"line":31,"column":5}},"locations":[{"start":{"line":29,"column":4},"end":{"line":31,"column":5}}]},"4":{"type":"branch","line":34,"loc":{"start":{"line":34,"column":21},"end":{"line":44,"column":3}},"locations":[{"start":{"line":34,"column":21},"end":{"line":44,"column":3}}]},"5":{"type":"branch","line":36,"loc":{"start":{"line":36,"column":26},"end":{"line":43,"column":5}},"locations":[{"start":{"line":36,"column":26},"end":{"line":43,"column":5}}]},"6":{"type":"branch","line":37,"loc":{"start":{"line":37,"column":21},"end":{"line":37,"column":29}},"locations":[{"start":{"line":37,"column":21},"end":{"line":37,"column":29}}]},"7":{"type":"branch","line":38,"loc":{"start":{"line":38,"column":42},"end":{"line":40,"column":13}},"locations":[{"start":{"line":38,"column":42},"end":{"line":40,"column":13}}]},"8":{"type":"branch","line":40,"loc":{"start":{"line":40,"column":6},"end":{"line":42,"column":7}},"locations":[{"start":{"line":40,"column":6},"end":{"line":42,"column":7}}]}},"b":{"0":[2],"1":[10],"2":[2],"3":[8],"4":[2],"5":[10],"6":[0],"7":[2],"8":[8]},"fnMap":{"0":{"name":"downloadCsv","decl":{"start":{"line":3,"column":7},"end":{"line":16,"column":1}},"loc":{"start":{"line":3,"column":7},"end":{"line":16,"column":1}},"line":3},"1":{"name":"getCsvFormattedCharacters","decl":{"start":{"line":18,"column":7},"end":{"line":47,"column":1}},"loc":{"start":{"line":18,"column":7},"end":{"line":47,"column":1}},"line":18}},"f":{"0":0,"1":2}}
,"/Users/frrrolova/Projects/REACT-2024-Q3/src/store/store.ts": {"path":"/Users/frrrolova/Projects/REACT-2024-Q3/src/store/store.ts","all":false,"statementMap":{"0":{"start":{"line":1,"column":0},"end":{"line":1,"column":64}},"1":{"start":{"line":2,"column":0},"end":{"line":2,"column":95}},"2":{"start":{"line":3,"column":0},"end":{"line":3,"column":66}},"3":{"start":{"line":4,"column":0},"end":{"line":4,"column":77}},"5":{"start":{"line":6,"column":0},"end":{"line":6,"column":44}},"6":{"start":{"line":7,"column":0},"end":{"line":7,"column":57}},"7":{"start":{"line":8,"column":0},"end":{"line":8,"column":38}},"8":{"start":{"line":9,"column":0},"end":{"line":9,"column":3}},"10":{"start":{"line":11,"column":0},"end":{"line":11,"column":96}},"11":{"start":{"line":12,"column":0},"end":{"line":12,"column":25}},"12":{"start":{"line":13,"column":0},"end":{"line":13,"column":25}},"13":{"start":{"line":14,"column":0},"end":{"line":14,"column":19}},"15":{"start":{"line":16,"column":0},"end":{"line":16,"column":100}},"16":{"start":{"line":17,"column":0},"end":{"line":17,"column":5}},"17":{"start":{"line":18,"column":0},"end":{"line":18,"column":2}},"19":{"start":{"line":20,"column":0},"end":{"line":20,"column":34}},"24":{"start":{"line":25,"column":0},"end":{"line":25,"column":67}},"25":{"start":{"line":26,"column":0},"end":{"line":26,"column":75}}},"s":{"0":1,"1":1,"2":1,"3":1,"5":1,"6":1,"7":1,"8":1,"10":1,"11":41,"12":41,"13":41,"15":41,"16":41,"17":41,"19":1,"24":1,"25":1},"branchMap":{"0":{"type":"branch","line":11,"loc":{"start":{"line":11,"column":26},"end":{"line":18,"column":2}},"locations":[{"start":{"line":11,"column":26},"end":{"line":18,"column":2}}]},"1":{"type":"branch","line":16,"loc":{"start":{"line":16,"column":16},"end":{"line":16,"column":100}},"locations":[{"start":{"line":16,"column":16},"end":{"line":16,"column":100}}]}},"b":{"0":[41],"1":[41]},"fnMap":{"0":{"name":"setupStore","decl":{"start":{"line":11,"column":26},"end":{"line":18,"column":2}},"loc":{"start":{"line":11,"column":26},"end":{"line":18,"column":2}},"line":11},"1":{"name":"middleware","decl":{"start":{"line":16,"column":16},"end":{"line":16,"column":100}},"loc":{"start":{"line":16,"column":16},"end":{"line":16,"column":100}},"line":16}},"f":{"0":41,"1":41}}
,"/Users/frrrolova/Projects/REACT-2024-Q3/src/store/slices/characters/charactersSlice.ts": {"path":"/Users/frrrolova/Projects/REACT-2024-Q3/src/store/slices/characters/charactersSlice.ts","all":false,"statementMap":{"0":{"start":{"line":1,"column":0},"end":{"line":1,"column":36}},"1":{"start":{"line":2,"column":0},"end":{"line":2,"column":62}},"9":{"start":{"line":10,"column":0},"end":{"line":10,"column":40}},"10":{"start":{"line":11,"column":0},"end":{"line":11,"column":17}},"11":{"start":{"line":12,"column":0},"end":{"line":12,"column":19}},"12":{"start":{"line":13,"column":0},"end":{"line":13,"column":25}},"13":{"start":{"line":14,"column":0},"end":{"line":14,"column":2}},"15":{"start":{"line":16,"column":0},"end":{"line":16,"column":44}},"16":{"start":{"line":17,"column":0},"end":{"line":17,"column":21}},"17":{"start":{"line":18,"column":0},"end":{"line":18,"column":15}},"18":{"start":{"line":19,"column":0},"end":{"line":19,"column":13}},"19":{"start":{"line":20,"column":0},"end":{"line":20,"column":63}},"20":{"start":{"line":21,"column":0},"end":{"line":21,"column":41}},"21":{"start":{"line":22,"column":0},"end":{"line":22,"column":6}},"22":{"start":{"line":23,"column":0},"end":{"line":23,"column":64}},"23":{"start":{"line":24,"column":0},"end":{"line":24,"column":42}},"24":{"start":{"line":25,"column":0},"end":{"line":25,"column":6}},"25":{"start":{"line":26,"column":0},"end":{"line":26,"column":67}},"26":{"start":{"line":27,"column":0},"end":{"line":27,"column":52}},"27":{"start":{"line":28,"column":0},"end":{"line":28,"column":6}},"28":{"start":{"line":29,"column":0},"end":{"line":29,"column":69}},"29":{"start":{"line":30,"column":0},"end":{"line":30,"column":38}},"30":{"start":{"line":31,"column":0},"end":{"line":31,"column":78}},"31":{"start":{"line":32,"column":0},"end":{"line":32,"column":10}},"32":{"start":{"line":33,"column":0},"end":{"line":33,"column":8}},"33":{"start":{"line":34,"column":0},"end":{"line":34,"column":6}},"34":{"start":{"line":35,"column":0},"end":{"line":35,"column":29}},"35":{"start":{"line":36,"column":0},"end":{"line":36,"column":36}},"36":{"start":{"line":37,"column":0},"end":{"line":37,"column":6}},"37":{"start":{"line":38,"column":0},"end":{"line":38,"column":4}},"38":{"start":{"line":39,"column":0},"end":{"line":39,"column":3}},"40":{"start":{"line":41,"column":0},"end":{"line":41,"column":99}},"41":{"start":{"line":42,"column":0},"end":{"line":42,"column":26}},"43":{"start":{"line":44,"column":0},"end":{"line":44,"column":31}}},"s":{"0":1,"1":1,"9":1,"10":1,"11":1,"12":1,"13":1,"15":1,"16":1,"17":1,"18":1,"19":1,"20":1,"21":1,"22":1,"23":5,"24":5,"25":1,"26":0,"27":0,"28":1,"29":0,"30":0,"31":0,"32":0,"33":0,"34":1,"35":0,"36":0,"37":1,"38":1,"40":1,"41":1,"43":1},"branchMap":{"0":{"type":"branch","line":20,"loc":{"start":{"line":20,"column":20},"end":{"line":22,"column":6}},"locations":[{"start":{"line":20,"column":20},"end":{"line":22,"column":6}}]},"1":{"type":"branch","line":23,"loc":{"start":{"line":23,"column":21},"end":{"line":25,"column":6}},"locations":[{"start":{"line":23,"column":21},"end":{"line":25,"column":6}}]}},"b":{"0":[1],"1":[5]},"fnMap":{"0":{"name":"setCurrentPage","decl":{"start":{"line":20,"column":20},"end":{"line":22,"column":6}},"loc":{"start":{"line":20,"column":20},"end":{"line":22,"column":6}},"line":20},"1":{"name":"setSearchString","decl":{"start":{"line":23,"column":21},"end":{"line":25,"column":6}},"loc":{"start":{"line":23,"column":21},"end":{"line":25,"column":6}},"line":23},"2":{"name":"selectCharacter","decl":{"start":{"line":26,"column":21},"end":{"line":28,"column":6}},"loc":{"start":{"line":26,"column":21},"end":{"line":28,"column":6}},"line":26},"3":{"name":"unselectCharacter","decl":{"start":{"line":29,"column":23},"end":{"line":34,"column":6}},"loc":{"start":{"line":29,"column":23},"end":{"line":34,"column":6}},"line":29},"4":{"name":"unselectAll","decl":{"start":{"line":35,"column":17},"end":{"line":37,"column":6}},"loc":{"start":{"line":35,"column":17},"end":{"line":37,"column":6}},"line":35}},"f":{"0":1,"1":5,"2":0,"3":0,"4":0}}
,"/Users/frrrolova/Projects/REACT-2024-Q3/src/store/slices/characters/selectors.ts": {"path":"/Users/frrrolova/Projects/REACT-2024-Q3/src/store/slices/characters/selectors.ts","all":false,"statementMap":{"0":{"start":{"line":1,"column":0},"end":{"line":1,"column":47}},"2":{"start":{"line":3,"column":0},"end":{"line":3,"column":97}},"3":{"start":{"line":4,"column":0},"end":{"line":4,"column":106}},"4":{"start":{"line":5,"column":0},"end":{"line":5,"column":111}}},"s":{"0":1,"2":1,"3":1,"4":1},"branchMap":{"0":{"type":"branch","line":3,"loc":{"start":{"line":3,"column":35},"end":{"line":3,"column":97}},"locations":[{"start":{"line":3,"column":35},"end":{"line":3,"column":97}}]},"1":{"type":"branch","line":3,"loc":{"start":{"line":3,"column":56},"end":{"line":3,"column":95}},"locations":[{"start":{"line":3,"column":56},"end":{"line":3,"column":95}}]},"2":{"type":"branch","line":4,"loc":{"start":{"line":4,"column":43},"end":{"line":4,"column":106}},"locations":[{"start":{"line":4,"column":43},"end":{"line":4,"column":106}}]},"3":{"type":"branch","line":4,"loc":{"start":{"line":4,"column":64},"end":{"line":4,"column":104}},"locations":[{"start":{"line":4,"column":64},"end":{"line":4,"column":104}}]},"4":{"type":"branch","line":5,"loc":{"start":{"line":5,"column":42},"end":{"line":5,"column":111}},"locations":[{"start":{"line":5,"column":42},"end":{"line":5,"column":111}}]},"5":{"type":"branch","line":5,"loc":{"start":{"line":5,"column":63},"end":{"line":5,"column":109}},"locations":[{"start":{"line":5,"column":63},"end":{"line":5,"column":109}}]}},"b":{"0":[64],"1":[110],"2":[64],"3":[110],"4":[58],"5":[98]},"fnMap":{"0":{"name":"currentPageSelector","decl":{"start":{"line":3,"column":35},"end":{"line":3,"column":97}},"loc":{"start":{"line":3,"column":35},"end":{"line":3,"column":97}},"line":3},"1":{"name":"currentSearchStringSelector","decl":{"start":{"line":4,"column":43},"end":{"line":4,"column":106}},"loc":{"start":{"line":4,"column":43},"end":{"line":4,"column":106}},"line":4},"2":{"name":"selectedCharactersSelector","decl":{"start":{"line":5,"column":42},"end":{"line":5,"column":111}},"loc":{"start":{"line":5,"column":42},"end":{"line":5,"column":111}},"line":5}},"f":{"0":64,"1":64,"2":58}}
}
